[debug] [2022-01-24T10:12:48.890Z] ----------------------------------------------------------------------
[debug] [2022-01-24T10:12:48.893Z] Command:       C:\Program Files\nodejs\node.exe C:\Users\mdhar\AppData\Roaming\npm\node_modules\firebase-tools\lib\bin\firebase.js emulators:start
[debug] [2022-01-24T10:12:48.893Z] CLI Version:   10.1.0
[debug] [2022-01-24T10:12:48.893Z] Platform:      win32
[debug] [2022-01-24T10:12:48.893Z] Node Version:  v16.13.0
[debug] [2022-01-24T10:12:48.897Z] Time:          Mon Jan 24 2022 15:42:48 GMT+0530 (India Standard Time)
[debug] [2022-01-24T10:12:48.897Z] ----------------------------------------------------------------------
[debug] 
[debug] [2022-01-24T10:12:48.900Z] >>> [apiv2][query] GET https://firebase-public.firebaseio.com/cli.json [none]
[debug] [2022-01-24T10:12:48.980Z] > command requires scopes: ["email","openid","https://www.googleapis.com/auth/cloudplatformprojects.readonly","https://www.googleapis.com/auth/firebase","https://www.googleapis.com/auth/cloud-platform"]
[debug] [2022-01-24T10:12:48.980Z] > authorizing via signed-in user (mdharm4air.fm@gmail.com)
[info] i  emulators: Starting emulators: functions, hosting {"metadata":{"emulator":{"name":"hub"},"message":"Starting emulators: functions, hosting"}}
[debug] [2022-01-24T10:12:49.002Z] [hub] writing locator at C:\Users\mdhar\AppData\Local\Temp\hub-justan0theramaz0nclone.json
[warn] !  functions: The following emulators are not running, calls to these services from the Functions emulator will affect production: auth, firestore, database, pubsub, storage {"metadata":{"emulator":{"name":"functions"},"message":"The following emulators are not running, calls to these services from the Functions emulator will affect production: \u001b[1mauth, firestore, database, pubsub, storage\u001b[22m"}}
[info] +  functions: Using node@16 from host. {"metadata":{"emulator":{"name":"functions"},"message":"Using node@16 from host."}}
[warn] !  Your requested "node" version "16" doesn't match your global version "16" {"metadata":{"emulator":{"name":"functions"},"message":"Your requested \"node\" version \"16\" doesn't match your global version \"16\""}}
[debug] [2022-01-24T10:12:49.022Z] defaultcredentials: writing to file C:\Users\mdhar\AppData\Roaming\firebase\mdharm4air_fm_gmail.com_application_default_credentials.json
[debug] [2022-01-24T10:12:49.025Z] Setting GAC to C:\Users\mdhar\AppData\Roaming\firebase\mdharm4air_fm_gmail.com_application_default_credentials.json {"metadata":{"emulator":{"name":"functions"},"message":"Setting GAC to C:\\Users\\mdhar\\AppData\\Roaming\\firebase\\mdharm4air_fm_gmail.com_application_default_credentials.json"}}
[debug] [2022-01-24T10:12:49.026Z] > refreshing access token with scopes: []
[debug] [2022-01-24T10:12:49.027Z] >>> HTTP REQUEST POST https://www.googleapis.com/oauth2/v3/token  
 <request body omitted>
[debug] [2022-01-24T10:12:49.254Z] <<< HTTP RESPONSE 200 {"expires":"Mon, 01 Jan 1990 00:00:00 GMT","date":"Mon, 24 Jan 2022 10:12:50 GMT","cache-control":"no-cache, no-store, max-age=0, must-revalidate","pragma":"no-cache","content-type":"application/json; charset=utf-8","vary":"X-Origin, Referer, Origin,Accept-Encoding","server":"scaffolding on HTTPServer2","x-xss-protection":"0","x-frame-options":"SAMEORIGIN","x-content-type-options":"nosniff","alt-svc":"h3=\":443\"; ma=2592000,h3-29=\":443\"; ma=2592000,h3-Q050=\":443\"; ma=2592000,h3-Q046=\":443\"; ma=2592000,h3-Q043=\":443\"; ma=2592000,quic=\":443\"; ma=2592000; v=\"46,43\"","accept-ranges":"none","transfer-encoding":"chunked"}
[debug] [2022-01-24T10:12:49.265Z] >>> [apiv2][query] GET https://firebase.googleapis.com/v1beta1/projects/justan0theramaz0nclone/adminSdkConfig [none]
[debug] [2022-01-24T10:12:49.735Z] <<< [apiv2][status] GET https://firebase.googleapis.com/v1beta1/projects/justan0theramaz0nclone/adminSdkConfig 200
[debug] [2022-01-24T10:12:49.735Z] <<< [apiv2][body] GET https://firebase.googleapis.com/v1beta1/projects/justan0theramaz0nclone/adminSdkConfig {"projectId":"justan0theramaz0nclone","storageBucket":"justan0theramaz0nclone.appspot.com"}
[debug] [2022-01-24T10:12:49.752Z] >>> [apiv2][query] GET https://firebasehosting.googleapis.com/v1beta1/projects/justan0theramaz0nclone/sites 
[debug] [2022-01-24T10:12:49.892Z] <<< [apiv2][status] GET https://firebase-public.firebaseio.com/cli.json 200
[debug] [2022-01-24T10:12:49.892Z] <<< [apiv2][body] GET https://firebase-public.firebaseio.com/cli.json {"cloudBuildErrorAfter":1594252800000,"cloudBuildWarnAfter":1590019200000,"defaultNode10After":1594252800000,"minVersion":"3.0.5","node8DeploysDisabledAfter":1613390400000,"node8RuntimeDisabledAfter":1615809600000,"node8WarnAfter":1600128000000}
[debug] [2022-01-24T10:12:51.614Z] <<< [apiv2][status] GET https://firebasehosting.googleapis.com/v1beta1/projects/justan0theramaz0nclone/sites 200
[debug] [2022-01-24T10:12:51.615Z] <<< [apiv2][body] GET https://firebasehosting.googleapis.com/v1beta1/projects/justan0theramaz0nclone/sites {"sites":[{"name":"projects/319279830436/sites/justan0theramaz0nclone","defaultUrl":"https://justan0theramaz0nclone.web.app","appId":"1:319279830436:web:52fddf4ce701f735d61d31","type":"DEFAULT_SITE"}]}
[debug] [2022-01-24T10:12:51.615Z] >>> [apiv2][query] GET https://firebase.googleapis.com/v1beta1/projects/justan0theramaz0nclone/webApps/1:319279830436:web:52fddf4ce701f735d61d31/config [none]
[debug] [2022-01-24T10:12:52.920Z] <<< [apiv2][status] GET https://firebase.googleapis.com/v1beta1/projects/justan0theramaz0nclone/webApps/1:319279830436:web:52fddf4ce701f735d61d31/config 200
[debug] [2022-01-24T10:12:52.920Z] <<< [apiv2][body] GET https://firebase.googleapis.com/v1beta1/projects/justan0theramaz0nclone/webApps/1:319279830436:web:52fddf4ce701f735d61d31/config {"projectId":"justan0theramaz0nclone","appId":"1:319279830436:web:52fddf4ce701f735d61d31","storageBucket":"justan0theramaz0nclone.appspot.com","apiKey":"AIzaSyBbVe4hJMONuMGNJ_p0yka-bPMgwZD1Yxw","authDomain":"justan0theramaz0nclone.firebaseapp.com","messagingSenderId":"319279830436","measurementId":"G-0XFH3DD9ZY"}
[info] i  hosting: Serving hosting files from: build {"metadata":{"emulator":{"name":"hosting"},"message":"Serving hosting files from: \u001b[1mbuild\u001b[22m"}}
[info] +  hosting: Local server: http://localhost:5000 {"metadata":{"emulator":{"name":"hosting"},"message":"Local server: \u001b[4m\u001b[1mhttp://localhost:5000\u001b[22m\u001b[24m"}}
[info] i  ui: downloading ui-v1.6.4.zip... {"metadata":{"emulator":{"name":"ui"},"message":"downloading ui-v1.6.4.zip..."}}
[debug] [2022-01-24T10:12:52.968Z] >>> [apiv2][query] GET https://storage.googleapis.com/firebase-preview-drop/emulator/ui-v1.6.4.zip 
[debug] [2022-01-24T10:12:53.411Z] <<< [apiv2][status] GET https://storage.googleapis.com/firebase-preview-drop/emulator/ui-v1.6.4.zip 200
[debug] [2022-01-24T10:12:53.412Z] <<< [apiv2][body] GET https://storage.googleapis.com/firebase-preview-drop/emulator/ui-v1.6.4.zip [stream]
[debug] [2022-01-24T10:12:53.901Z] Ignoring unsupported arg: auto_download {"metadata":{"emulator":{"name":"ui"},"message":"Ignoring unsupported arg: auto_download"}}
[debug] [2022-01-24T10:12:53.901Z] Ignoring unsupported arg: port {"metadata":{"emulator":{"name":"ui"},"message":"Ignoring unsupported arg: port"}}
[debug] [2022-01-24T10:12:53.901Z] Starting Emulator UI with command {"binary":"node","args":["C:\\Users\\mdhar\\.cache\\firebase\\emulators\\ui-v1.6.4\\server.bundle.js"],"optionalArgs":[],"joinArgs":false} {"metadata":{"emulator":{"name":"ui"},"message":"Starting Emulator UI with command {\"binary\":\"node\",\"args\":[\"C:\\\\Users\\\\mdhar\\\\.cache\\\\firebase\\\\emulators\\\\ui-v1.6.4\\\\server.bundle.js\"],\"optionalArgs\":[],\"joinArgs\":false}"}}
[info] i  ui: Emulator UI logging to ui-debug.log {"metadata":{"emulator":{"name":"ui"},"message":"Emulator UI logging to \u001b[1mui-debug.log\u001b[22m"}}
[debug] [2022-01-24T10:12:54.067Z] Web / API server started at localhost:4000
 {"metadata":{"emulator":{"name":"ui"},"message":"Web / API server started at localhost:4000\n"}}
[info] i  functions: Watching "D:\Projects\amazonclone\functions" for Cloud Functions... {"metadata":{"emulator":{"name":"functions"},"message":"Watching \"D:\\Projects\\amazonclone\\functions\" for Cloud Functions..."}}
[debug] [2022-01-24T10:12:54.193Z] [worker-pool] addWorker(~diagnostic~) {"metadata":{"emulator":{"name":"functions"},"message":"[worker-pool] addWorker(~diagnostic~)"}}
[debug] [2022-01-24T10:12:54.193Z] [worker-pool] Adding worker with key ~diagnostic~, total=1 {"metadata":{"emulator":{"name":"functions"},"message":"[worker-pool] Adding worker with key ~diagnostic~, total=1"}}
[debug] [2022-01-24T10:12:54.194Z] [worker-pool] submitWork(triggerId=) {"metadata":{"emulator":{"name":"functions"},"message":"[worker-pool] submitWork(triggerId=)"}}
[debug] [2022-01-24T10:12:54.195Z] [worker-~diagnostic~-9818293f-1224-4c83-81dd-e4a2d11b5a99]: Assigning socketPath: \\?\pipe\D:\Projects\amazonclone\functions\5296 {"metadata":{"emulator":{"name":"functions"},"message":"[worker-~diagnostic~-9818293f-1224-4c83-81dd-e4a2d11b5a99]: Assigning socketPath: \\\\?\\pipe\\D:\\Projects\\amazonclone\\functions\\5296"}}
[debug] [2022-01-24T10:12:54.196Z] [worker-~diagnostic~-9818293f-1224-4c83-81dd-e4a2d11b5a99]: BUSY {"metadata":{"emulator":{"name":"functions"},"message":"[worker-~diagnostic~-9818293f-1224-4c83-81dd-e4a2d11b5a99]: BUSY"}}
[debug] [2022-01-24T10:12:54.407Z] [runtime-status] [5296] Functions runtime initialized. {"cwd":"D:\\Projects\\amazonclone\\functions","node_version":"16.13.0"} {"metadata":{"emulator":{"name":"functions"},"message":"[runtime-status] [5296] Functions runtime initialized. {\"cwd\":\"D:\\\\Projects\\\\amazonclone\\\\functions\",\"node_version\":\"16.13.0\"}"}}
[debug] [2022-01-24T10:12:54.408Z] [runtime-status] [5296] Disabled runtime features: undefined {"metadata":{"emulator":{"name":"functions"},"message":"[runtime-status] [5296] Disabled runtime features: undefined"}}
[debug] [2022-01-24T10:12:54.415Z] [runtime-status] [5296] Resolved module firebase-admin {"declared":true,"installed":true,"version":"9.12.0","resolution":"D:\\Projects\\amazonclone\\functions\\node_modules\\firebase-admin\\lib\\index.js"} {"metadata":{"emulator":{"name":"functions"},"message":"[runtime-status] [5296] Resolved module firebase-admin {\"declared\":true,\"installed\":true,\"version\":\"9.12.0\",\"resolution\":\"D:\\\\Projects\\\\amazonclone\\\\functions\\\\node_modules\\\\firebase-admin\\\\lib\\\\index.js\"}"}}
[debug] [2022-01-24T10:12:54.418Z] [runtime-status] [5296] Resolved module firebase-functions {"declared":true,"installed":true,"version":"3.16.0","resolution":"D:\\Projects\\amazonclone\\functions\\node_modules\\firebase-functions\\lib\\index.js"} {"metadata":{"emulator":{"name":"functions"},"message":"[runtime-status] [5296] Resolved module firebase-functions {\"declared\":true,\"installed\":true,\"version\":\"3.16.0\",\"resolution\":\"D:\\\\Projects\\\\amazonclone\\\\functions\\\\node_modules\\\\firebase-functions\\\\lib\\\\index.js\"}"}}
[debug] [2022-01-24T10:12:54.420Z] [runtime-status] [5296] Outgoing network have been stubbed. [{"name":"http","status":"mocked"},{"name":"http","status":"mocked"},{"name":"https","status":"mocked"},{"name":"https","status":"mocked"},{"name":"net","status":"mocked"}] {"metadata":{"emulator":{"name":"functions"},"message":"[runtime-status] [5296] Outgoing network have been stubbed. [{\"name\":\"http\",\"status\":\"mocked\"},{\"name\":\"http\",\"status\":\"mocked\"},{\"name\":\"https\",\"status\":\"mocked\"},{\"name\":\"https\",\"status\":\"mocked\"},{\"name\":\"net\",\"status\":\"mocked\"}]"}}
[debug] [2022-01-24T10:12:54.422Z] [runtime-status] [5296] Resolved module firebase-functions {"declared":true,"installed":true,"version":"3.16.0","resolution":"D:\\Projects\\amazonclone\\functions\\node_modules\\firebase-functions\\lib\\index.js"} {"metadata":{"emulator":{"name":"functions"},"message":"[runtime-status] [5296] Resolved module firebase-functions {\"declared\":true,\"installed\":true,\"version\":\"3.16.0\",\"resolution\":\"D:\\\\Projects\\\\amazonclone\\\\functions\\\\node_modules\\\\firebase-functions\\\\lib\\\\index.js\"}"}}
[debug] [2022-01-24T10:12:54.699Z] [runtime-status] [5296] Checked functions.config() {"config":{}} {"metadata":{"emulator":{"name":"functions"},"message":"[runtime-status] [5296] Checked functions.config() {\"config\":{}}"}}
[debug] [2022-01-24T10:12:54.699Z] [runtime-status] [5296] firebase-functions has been stubbed. {"functionsResolution":{"declared":true,"installed":true,"version":"3.16.0","resolution":"D:\\Projects\\amazonclone\\functions\\node_modules\\firebase-functions\\lib\\index.js"}} {"metadata":{"emulator":{"name":"functions"},"message":"[runtime-status] [5296] firebase-functions has been stubbed. {\"functionsResolution\":{\"declared\":true,\"installed\":true,\"version\":\"3.16.0\",\"resolution\":\"D:\\\\Projects\\\\amazonclone\\\\functions\\\\node_modules\\\\firebase-functions\\\\lib\\\\index.js\"}}"}}
[debug] [2022-01-24T10:12:54.700Z] [runtime-status] [5296] Resolved module firebase-functions {"declared":true,"installed":true,"version":"3.16.0","resolution":"D:\\Projects\\amazonclone\\functions\\node_modules\\firebase-functions\\lib\\index.js"} {"metadata":{"emulator":{"name":"functions"},"message":"[runtime-status] [5296] Resolved module firebase-functions {\"declared\":true,\"installed\":true,\"version\":\"3.16.0\",\"resolution\":\"D:\\\\Projects\\\\amazonclone\\\\functions\\\\node_modules\\\\firebase-functions\\\\lib\\\\index.js\"}"}}
[debug] [2022-01-24T10:12:54.702Z] [runtime-status] [5296] Resolved module firebase-admin {"declared":true,"installed":true,"version":"9.12.0","resolution":"D:\\Projects\\amazonclone\\functions\\node_modules\\firebase-admin\\lib\\index.js"} {"metadata":{"emulator":{"name":"functions"},"message":"[runtime-status] [5296] Resolved module firebase-admin {\"declared\":true,\"installed\":true,\"version\":\"9.12.0\",\"resolution\":\"D:\\\\Projects\\\\amazonclone\\\\functions\\\\node_modules\\\\firebase-admin\\\\lib\\\\index.js\"}"}}
[debug] [2022-01-24T10:12:54.702Z] [runtime-status] [5296] Resolved module firebase-functions {"declared":true,"installed":true,"version":"3.16.0","resolution":"D:\\Projects\\amazonclone\\functions\\node_modules\\firebase-functions\\lib\\index.js"} {"metadata":{"emulator":{"name":"functions"},"message":"[runtime-status] [5296] Resolved module firebase-functions {\"declared\":true,\"installed\":true,\"version\":\"3.16.0\",\"resolution\":\"D:\\\\Projects\\\\amazonclone\\\\functions\\\\node_modules\\\\firebase-functions\\\\lib\\\\index.js\"}"}}
[debug] [2022-01-24T10:12:54.702Z] [runtime-status] [5296] firebase-admin has been stubbed. {"adminResolution":{"declared":true,"installed":true,"version":"9.12.0","resolution":"D:\\Projects\\amazonclone\\functions\\node_modules\\firebase-admin\\lib\\index.js"}} {"metadata":{"emulator":{"name":"functions"},"message":"[runtime-status] [5296] firebase-admin has been stubbed. {\"adminResolution\":{\"declared\":true,\"installed\":true,\"version\":\"9.12.0\",\"resolution\":\"D:\\\\Projects\\\\amazonclone\\\\functions\\\\node_modules\\\\firebase-admin\\\\lib\\\\index.js\"}}"}}
[info] +  functions[us-central1-api]: http function initialized (http://localhost:5001/justan0theramaz0nclone/us-central1/api). {"metadata":{"emulator":{"name":"functions"},"message":"\u001b[1mhttp\u001b[22m function initialized (http://localhost:5001/justan0theramaz0nclone/us-central1/api)."}}
[info] 
┌─────────────────────────────────────────────────────────────┐
│ ✔  All emulators ready! It is now safe to connect your app. │
│ i  View Emulator UI at http://localhost:4000                │
└─────────────────────────────────────────────────────────────┘

┌───────────┬────────────────┬─────────────────────────────────┐
│ Emulator  │ Host:Port      │ View in Emulator UI             │
├───────────┼────────────────┼─────────────────────────────────┤
│ Functions │ localhost:5001 │ http://localhost:4000/functions │
├───────────┼────────────────┼─────────────────────────────────┤
│ Hosting   │ localhost:5000 │ n/a                             │
└───────────┴────────────────┴─────────────────────────────────┘
  Emulator Hub running at localhost:4400
  Other reserved ports: 4500

Issues? Report them at https://github.com/firebase/firebase-tools/issues and attach the *-debug.log files.
 
[debug] [2022-01-24T10:12:55.151Z] [worker-~diagnostic~-9818293f-1224-4c83-81dd-e4a2d11b5a99]: IDLE {"metadata":{"emulator":{"name":"functions"},"message":"[worker-~diagnostic~-9818293f-1224-4c83-81dd-e4a2d11b5a99]: IDLE"}}
[debug] [2022-01-24T10:15:32.540Z] [work-queue] {"queueLength":1,"workRunningCount":0}
[debug] [2022-01-24T10:15:32.540Z] [work-queue] {"queueLength":0,"workRunningCount":1}
[debug] [2022-01-24T10:15:32.540Z] Accepted request GET /justan0theramaz0nclone/us-central1/api --> us-central1-api
[debug] [2022-01-24T10:15:32.546Z] [worker-pool] addWorker(us-central1-api) {"metadata":{"emulator":{"name":"functions"},"message":"[worker-pool] addWorker(us-central1-api)"}}
[debug] [2022-01-24T10:15:32.547Z] [worker-pool] Adding worker with key us-central1-api, total=1 {"metadata":{"emulator":{"name":"functions"},"message":"[worker-pool] Adding worker with key us-central1-api, total=1"}}
[debug] [2022-01-24T10:15:32.547Z] [worker-pool] submitWork(triggerId=us-central1-api) {"metadata":{"emulator":{"name":"functions"},"message":"[worker-pool] submitWork(triggerId=us-central1-api)"}}
[debug] [2022-01-24T10:15:32.547Z] [worker-us-central1-api-508f18bf-53b2-4c8c-b9a2-d628df743f10]: Assigning socketPath: \\?\pipe\D:\Projects\amazonclone\functions\13808 {"metadata":{"emulator":{"name":"functions"},"message":"[worker-us-central1-api-508f18bf-53b2-4c8c-b9a2-d628df743f10]: Assigning socketPath: \\\\?\\pipe\\D:\\Projects\\amazonclone\\functions\\13808"}}
[debug] [2022-01-24T10:15:32.547Z] [worker-us-central1-api-508f18bf-53b2-4c8c-b9a2-d628df743f10]: BUSY {"metadata":{"emulator":{"name":"functions"},"message":"[worker-us-central1-api-508f18bf-53b2-4c8c-b9a2-d628df743f10]: BUSY"}}
[debug] [2022-01-24T10:15:32.751Z] [runtime-status] [13808] Functions runtime initialized. {"cwd":"D:\\Projects\\amazonclone\\functions","node_version":"16.13.0"} {"metadata":{"emulator":{"name":"functions"},"function":{"name":"us-central1-api"},"message":"[runtime-status] [13808] Functions runtime initialized. {\"cwd\":\"D:\\\\Projects\\\\amazonclone\\\\functions\",\"node_version\":\"16.13.0\"}"}}
[debug] [2022-01-24T10:15:32.752Z] [runtime-status] [13808] Disabled runtime features: undefined {"metadata":{"emulator":{"name":"functions"},"function":{"name":"us-central1-api"},"message":"[runtime-status] [13808] Disabled runtime features: undefined"}}
[debug] [2022-01-24T10:15:32.755Z] [runtime-status] [13808] Resolved module firebase-admin {"declared":true,"installed":true,"version":"9.12.0","resolution":"D:\\Projects\\amazonclone\\functions\\node_modules\\firebase-admin\\lib\\index.js"} {"metadata":{"emulator":{"name":"functions"},"function":{"name":"us-central1-api"},"message":"[runtime-status] [13808] Resolved module firebase-admin {\"declared\":true,\"installed\":true,\"version\":\"9.12.0\",\"resolution\":\"D:\\\\Projects\\\\amazonclone\\\\functions\\\\node_modules\\\\firebase-admin\\\\lib\\\\index.js\"}"}}
[debug] [2022-01-24T10:15:32.759Z] [runtime-status] [13808] Resolved module firebase-functions {"declared":true,"installed":true,"version":"3.16.0","resolution":"D:\\Projects\\amazonclone\\functions\\node_modules\\firebase-functions\\lib\\index.js"} {"metadata":{"emulator":{"name":"functions"},"function":{"name":"us-central1-api"},"message":"[runtime-status] [13808] Resolved module firebase-functions {\"declared\":true,\"installed\":true,\"version\":\"3.16.0\",\"resolution\":\"D:\\\\Projects\\\\amazonclone\\\\functions\\\\node_modules\\\\firebase-functions\\\\lib\\\\index.js\"}"}}
[debug] [2022-01-24T10:15:32.762Z] [runtime-status] [13808] Outgoing network have been stubbed. [{"name":"http","status":"mocked"},{"name":"http","status":"mocked"},{"name":"https","status":"mocked"},{"name":"https","status":"mocked"},{"name":"net","status":"mocked"}] {"metadata":{"emulator":{"name":"functions"},"function":{"name":"us-central1-api"},"message":"[runtime-status] [13808] Outgoing network have been stubbed. [{\"name\":\"http\",\"status\":\"mocked\"},{\"name\":\"http\",\"status\":\"mocked\"},{\"name\":\"https\",\"status\":\"mocked\"},{\"name\":\"https\",\"status\":\"mocked\"},{\"name\":\"net\",\"status\":\"mocked\"}]"}}
[debug] [2022-01-24T10:15:32.764Z] [runtime-status] [13808] Resolved module firebase-functions {"declared":true,"installed":true,"version":"3.16.0","resolution":"D:\\Projects\\amazonclone\\functions\\node_modules\\firebase-functions\\lib\\index.js"} {"metadata":{"emulator":{"name":"functions"},"function":{"name":"us-central1-api"},"message":"[runtime-status] [13808] Resolved module firebase-functions {\"declared\":true,\"installed\":true,\"version\":\"3.16.0\",\"resolution\":\"D:\\\\Projects\\\\amazonclone\\\\functions\\\\node_modules\\\\firebase-functions\\\\lib\\\\index.js\"}"}}
[debug] [2022-01-24T10:15:32.820Z] [runtime-status] [13808] Checked functions.config() {"config":{}} {"metadata":{"emulator":{"name":"functions"},"function":{"name":"us-central1-api"},"message":"[runtime-status] [13808] Checked functions.config() {\"config\":{}}"}}
[debug] [2022-01-24T10:15:32.821Z] [runtime-status] [13808] firebase-functions has been stubbed. {"functionsResolution":{"declared":true,"installed":true,"version":"3.16.0","resolution":"D:\\Projects\\amazonclone\\functions\\node_modules\\firebase-functions\\lib\\index.js"}} {"metadata":{"emulator":{"name":"functions"},"function":{"name":"us-central1-api"},"message":"[runtime-status] [13808] firebase-functions has been stubbed. {\"functionsResolution\":{\"declared\":true,\"installed\":true,\"version\":\"3.16.0\",\"resolution\":\"D:\\\\Projects\\\\amazonclone\\\\functions\\\\node_modules\\\\firebase-functions\\\\lib\\\\index.js\"}}"}}
[debug] [2022-01-24T10:15:32.821Z] [runtime-status] [13808] Resolved module firebase-functions {"declared":true,"installed":true,"version":"3.16.0","resolution":"D:\\Projects\\amazonclone\\functions\\node_modules\\firebase-functions\\lib\\index.js"} {"metadata":{"emulator":{"name":"functions"},"function":{"name":"us-central1-api"},"message":"[runtime-status] [13808] Resolved module firebase-functions {\"declared\":true,\"installed\":true,\"version\":\"3.16.0\",\"resolution\":\"D:\\\\Projects\\\\amazonclone\\\\functions\\\\node_modules\\\\firebase-functions\\\\lib\\\\index.js\"}"}}
[debug] [2022-01-24T10:15:32.823Z] [runtime-status] [13808] Resolved module firebase-admin {"declared":true,"installed":true,"version":"9.12.0","resolution":"D:\\Projects\\amazonclone\\functions\\node_modules\\firebase-admin\\lib\\index.js"} {"metadata":{"emulator":{"name":"functions"},"function":{"name":"us-central1-api"},"message":"[runtime-status] [13808] Resolved module firebase-admin {\"declared\":true,\"installed\":true,\"version\":\"9.12.0\",\"resolution\":\"D:\\\\Projects\\\\amazonclone\\\\functions\\\\node_modules\\\\firebase-admin\\\\lib\\\\index.js\"}"}}
[debug] [2022-01-24T10:15:32.823Z] [runtime-status] [13808] Resolved module firebase-functions {"declared":true,"installed":true,"version":"3.16.0","resolution":"D:\\Projects\\amazonclone\\functions\\node_modules\\firebase-functions\\lib\\index.js"} {"metadata":{"emulator":{"name":"functions"},"function":{"name":"us-central1-api"},"message":"[runtime-status] [13808] Resolved module firebase-functions {\"declared\":true,\"installed\":true,\"version\":\"3.16.0\",\"resolution\":\"D:\\\\Projects\\\\amazonclone\\\\functions\\\\node_modules\\\\firebase-functions\\\\lib\\\\index.js\"}"}}
[debug] [2022-01-24T10:15:32.824Z] [runtime-status] [13808] firebase-admin has been stubbed. {"adminResolution":{"declared":true,"installed":true,"version":"9.12.0","resolution":"D:\\Projects\\amazonclone\\functions\\node_modules\\firebase-admin\\lib\\index.js"}} {"metadata":{"emulator":{"name":"functions"},"function":{"name":"us-central1-api"},"message":"[runtime-status] [13808] firebase-admin has been stubbed. {\"adminResolution\":{\"declared\":true,\"installed\":true,\"version\":\"9.12.0\",\"resolution\":\"D:\\\\Projects\\\\amazonclone\\\\functions\\\\node_modules\\\\firebase-admin\\\\lib\\\\index.js\"}}"}}
[debug] [2022-01-24T10:15:33.009Z] [runtime-status] [13808] Trigger "us-central1-api" has been found, beginning invocation! {"metadata":{"emulator":{"name":"functions"},"function":{"name":"us-central1-api"},"message":"[runtime-status] [13808] Trigger \"us-central1-api\" has been found, beginning invocation!"}}
[info] i  functions: Beginning execution of "us-central1-api" {"metadata":{"emulator":{"name":"functions"},"function":{"name":"us-central1-api"},"message":"Beginning execution of \"us-central1-api\""}}
[debug] [2022-01-24T10:15:33.013Z] [runtime-status] [13808] triggerDefinition {"httpsTrigger":{},"name":"api","entryPoint":"api","regions":["us-central1"],"region":"us-central1","id":"us-central1-api","platform":"gcfv1"} {"metadata":{"emulator":{"name":"functions"},"function":{"name":"us-central1-api"},"message":"[runtime-status] [13808] triggerDefinition {\"httpsTrigger\":{},\"name\":\"api\",\"entryPoint\":\"api\",\"regions\":[\"us-central1\"],\"region\":\"us-central1\",\"id\":\"us-central1-api\",\"platform\":\"gcfv1\"}"}}
[debug] [2022-01-24T10:15:33.013Z] [runtime-status] [13808] Running us-central1-api in signature http {"metadata":{"emulator":{"name":"functions"},"function":{"name":"us-central1-api"},"message":"[runtime-status] [13808] Running us-central1-api in signature http"}}
[debug] [2022-01-24T10:15:33.016Z] [runtime-status] [13808] Attempting to listen to socketPath: \\?\pipe\D:\Projects\amazonclone\functions\13808 {"metadata":{"emulator":{"name":"functions"},"function":{"name":"us-central1-api"},"message":"[runtime-status] [13808] Attempting to listen to socketPath: \\\\?\\pipe\\D:\\Projects\\amazonclone\\functions\\13808"}}
[debug] [2022-01-24T10:15:33.021Z] [functions] Runtime ready! Sending request! {"metadata":{"emulator":{"name":"functions"},"message":"[functions] Runtime ready! Sending request!"}}
[debug] [2022-01-24T10:15:33.021Z] [functions] Got req.url=/justan0theramaz0nclone/us-central1/api, mapping to path=/ {"metadata":{"emulator":{"name":"functions"},"message":"[functions] Got req.url=/justan0theramaz0nclone/us-central1/api, mapping to path=/"}}
[debug] [2022-01-24T10:15:33.033Z] [runtime-status] [13808] Ephemeral server handling GET request {"metadata":{"emulator":{"name":"functions"},"function":{"name":"us-central1-api"},"message":"[runtime-status] [13808] Ephemeral server handling GET request"}}
[debug] [2022-01-24T10:15:33.040Z] [runtime-status] [13808] Ephemeral server survived. {"metadata":{"emulator":{"name":"functions"},"function":{"name":"us-central1-api"},"message":"[runtime-status] [13808] Ephemeral server survived."}}
[info] i  functions: Finished "us-central1-api" in ~1s {"metadata":{"emulator":{"name":"functions"},"function":{"name":"us-central1-api"},"message":"Finished \"us-central1-api\" in ~1s"}}
[debug] [2022-01-24T10:15:33.046Z] [worker-us-central1-api-508f18bf-53b2-4c8c-b9a2-d628df743f10]: IDLE {"metadata":{"emulator":{"name":"functions"},"message":"[worker-us-central1-api-508f18bf-53b2-4c8c-b9a2-d628df743f10]: IDLE"}}
[debug] [2022-01-24T10:15:33.047Z] [work-queue] {"queueLength":0,"workRunningCount":0}
[debug] [2022-01-24T10:15:33.133Z] Functions emulator received unknown request at path /favicon.ico
[debug] [2022-01-24T10:16:59.712Z] File D:\Projects\amazonclone\functions\index.js changed, reloading triggers {"metadata":{"emulator":{"name":"functions"},"message":"File D:\\Projects\\amazonclone\\functions\\index.js changed, reloading triggers"}}
[debug] [2022-01-24T10:17:00.724Z] [worker-pool] Shutting down IDLE worker (~diagnostic~) {"metadata":{"emulator":{"name":"functions"},"message":"[worker-pool] Shutting down IDLE worker (~diagnostic~)"}}
[debug] [2022-01-24T10:17:00.725Z] [worker-~diagnostic~-9818293f-1224-4c83-81dd-e4a2d11b5a99]: FINISHING {"metadata":{"emulator":{"name":"functions"},"message":"[worker-~diagnostic~-9818293f-1224-4c83-81dd-e4a2d11b5a99]: FINISHING"}}
[debug] [2022-01-24T10:17:00.725Z] [worker-pool] Shutting down IDLE worker (us-central1-api) {"metadata":{"emulator":{"name":"functions"},"message":"[worker-pool] Shutting down IDLE worker (us-central1-api)"}}
[debug] [2022-01-24T10:17:00.725Z] [worker-us-central1-api-508f18bf-53b2-4c8c-b9a2-d628df743f10]: FINISHING {"metadata":{"emulator":{"name":"functions"},"message":"[worker-us-central1-api-508f18bf-53b2-4c8c-b9a2-d628df743f10]: FINISHING"}}
[debug] [2022-01-24T10:17:00.730Z] [worker-pool] addWorker(~diagnostic~) {"metadata":{"emulator":{"name":"functions"},"message":"[worker-pool] addWorker(~diagnostic~)"}}
[debug] [2022-01-24T10:17:00.730Z] [worker-pool] Adding worker with key ~diagnostic~, total=2 {"metadata":{"emulator":{"name":"functions"},"message":"[worker-pool] Adding worker with key ~diagnostic~, total=2"}}
[debug] [2022-01-24T10:17:00.730Z] [worker-pool] submitWork(triggerId=) {"metadata":{"emulator":{"name":"functions"},"message":"[worker-pool] submitWork(triggerId=)"}}
[debug] [2022-01-24T10:17:00.731Z] [worker-~diagnostic~-9876cdd5-aabc-418a-a09a-21d971369390]: Assigning socketPath: \\?\pipe\D:\Projects\amazonclone\functions\9892 {"metadata":{"emulator":{"name":"functions"},"message":"[worker-~diagnostic~-9876cdd5-aabc-418a-a09a-21d971369390]: Assigning socketPath: \\\\?\\pipe\\D:\\Projects\\amazonclone\\functions\\9892"}}
[debug] [2022-01-24T10:17:00.731Z] [worker-~diagnostic~-9876cdd5-aabc-418a-a09a-21d971369390]: BUSY {"metadata":{"emulator":{"name":"functions"},"message":"[worker-~diagnostic~-9876cdd5-aabc-418a-a09a-21d971369390]: BUSY"}}
[debug] [2022-01-24T10:17:00.732Z] [worker-~diagnostic~-9818293f-1224-4c83-81dd-e4a2d11b5a99]: exited {"metadata":{"emulator":{"name":"functions"},"message":"[worker-~diagnostic~-9818293f-1224-4c83-81dd-e4a2d11b5a99]: exited"}}
[debug] [2022-01-24T10:17:00.732Z] [worker-~diagnostic~-9818293f-1224-4c83-81dd-e4a2d11b5a99]: FINISHED {"metadata":{"emulator":{"name":"functions"},"message":"[worker-~diagnostic~-9818293f-1224-4c83-81dd-e4a2d11b5a99]: FINISHED"}}
[debug] [2022-01-24T10:17:00.732Z] [worker-us-central1-api-508f18bf-53b2-4c8c-b9a2-d628df743f10]: exited {"metadata":{"emulator":{"name":"functions"},"message":"[worker-us-central1-api-508f18bf-53b2-4c8c-b9a2-d628df743f10]: exited"}}
[debug] [2022-01-24T10:17:00.732Z] [worker-us-central1-api-508f18bf-53b2-4c8c-b9a2-d628df743f10]: FINISHED {"metadata":{"emulator":{"name":"functions"},"message":"[worker-us-central1-api-508f18bf-53b2-4c8c-b9a2-d628df743f10]: FINISHED"}}
[debug] [2022-01-24T10:17:00.915Z] [runtime-status] [9892] Functions runtime initialized. {"cwd":"D:\\Projects\\amazonclone\\functions","node_version":"16.13.0"} {"metadata":{"emulator":{"name":"functions"},"message":"[runtime-status] [9892] Functions runtime initialized. {\"cwd\":\"D:\\\\Projects\\\\amazonclone\\\\functions\",\"node_version\":\"16.13.0\"}"}}
[debug] [2022-01-24T10:17:00.916Z] [runtime-status] [9892] Disabled runtime features: undefined {"metadata":{"emulator":{"name":"functions"},"message":"[runtime-status] [9892] Disabled runtime features: undefined"}}
[debug] [2022-01-24T10:17:00.919Z] [runtime-status] [9892] Resolved module firebase-admin {"declared":true,"installed":true,"version":"9.12.0","resolution":"D:\\Projects\\amazonclone\\functions\\node_modules\\firebase-admin\\lib\\index.js"} {"metadata":{"emulator":{"name":"functions"},"message":"[runtime-status] [9892] Resolved module firebase-admin {\"declared\":true,\"installed\":true,\"version\":\"9.12.0\",\"resolution\":\"D:\\\\Projects\\\\amazonclone\\\\functions\\\\node_modules\\\\firebase-admin\\\\lib\\\\index.js\"}"}}
[debug] [2022-01-24T10:17:00.923Z] [runtime-status] [9892] Resolved module firebase-functions {"declared":true,"installed":true,"version":"3.16.0","resolution":"D:\\Projects\\amazonclone\\functions\\node_modules\\firebase-functions\\lib\\index.js"} {"metadata":{"emulator":{"name":"functions"},"message":"[runtime-status] [9892] Resolved module firebase-functions {\"declared\":true,\"installed\":true,\"version\":\"3.16.0\",\"resolution\":\"D:\\\\Projects\\\\amazonclone\\\\functions\\\\node_modules\\\\firebase-functions\\\\lib\\\\index.js\"}"}}
[debug] [2022-01-24T10:17:00.925Z] [runtime-status] [9892] Outgoing network have been stubbed. [{"name":"http","status":"mocked"},{"name":"http","status":"mocked"},{"name":"https","status":"mocked"},{"name":"https","status":"mocked"},{"name":"net","status":"mocked"}] {"metadata":{"emulator":{"name":"functions"},"message":"[runtime-status] [9892] Outgoing network have been stubbed. [{\"name\":\"http\",\"status\":\"mocked\"},{\"name\":\"http\",\"status\":\"mocked\"},{\"name\":\"https\",\"status\":\"mocked\"},{\"name\":\"https\",\"status\":\"mocked\"},{\"name\":\"net\",\"status\":\"mocked\"}]"}}
[debug] [2022-01-24T10:17:00.926Z] [runtime-status] [9892] Resolved module firebase-functions {"declared":true,"installed":true,"version":"3.16.0","resolution":"D:\\Projects\\amazonclone\\functions\\node_modules\\firebase-functions\\lib\\index.js"} {"metadata":{"emulator":{"name":"functions"},"message":"[runtime-status] [9892] Resolved module firebase-functions {\"declared\":true,\"installed\":true,\"version\":\"3.16.0\",\"resolution\":\"D:\\\\Projects\\\\amazonclone\\\\functions\\\\node_modules\\\\firebase-functions\\\\lib\\\\index.js\"}"}}
[debug] [2022-01-24T10:17:00.980Z] [runtime-status] [9892] Checked functions.config() {"config":{}} {"metadata":{"emulator":{"name":"functions"},"message":"[runtime-status] [9892] Checked functions.config() {\"config\":{}}"}}
[debug] [2022-01-24T10:17:00.981Z] [runtime-status] [9892] firebase-functions has been stubbed. {"functionsResolution":{"declared":true,"installed":true,"version":"3.16.0","resolution":"D:\\Projects\\amazonclone\\functions\\node_modules\\firebase-functions\\lib\\index.js"}} {"metadata":{"emulator":{"name":"functions"},"message":"[runtime-status] [9892] firebase-functions has been stubbed. {\"functionsResolution\":{\"declared\":true,\"installed\":true,\"version\":\"3.16.0\",\"resolution\":\"D:\\\\Projects\\\\amazonclone\\\\functions\\\\node_modules\\\\firebase-functions\\\\lib\\\\index.js\"}}"}}
[debug] [2022-01-24T10:17:00.982Z] [runtime-status] [9892] Resolved module firebase-functions {"declared":true,"installed":true,"version":"3.16.0","resolution":"D:\\Projects\\amazonclone\\functions\\node_modules\\firebase-functions\\lib\\index.js"} {"metadata":{"emulator":{"name":"functions"},"message":"[runtime-status] [9892] Resolved module firebase-functions {\"declared\":true,\"installed\":true,\"version\":\"3.16.0\",\"resolution\":\"D:\\\\Projects\\\\amazonclone\\\\functions\\\\node_modules\\\\firebase-functions\\\\lib\\\\index.js\"}"}}
[debug] [2022-01-24T10:17:00.983Z] [runtime-status] [9892] Resolved module firebase-admin {"declared":true,"installed":true,"version":"9.12.0","resolution":"D:\\Projects\\amazonclone\\functions\\node_modules\\firebase-admin\\lib\\index.js"} {"metadata":{"emulator":{"name":"functions"},"message":"[runtime-status] [9892] Resolved module firebase-admin {\"declared\":true,\"installed\":true,\"version\":\"9.12.0\",\"resolution\":\"D:\\\\Projects\\\\amazonclone\\\\functions\\\\node_modules\\\\firebase-admin\\\\lib\\\\index.js\"}"}}
[debug] [2022-01-24T10:17:00.984Z] [runtime-status] [9892] Resolved module firebase-functions {"declared":true,"installed":true,"version":"3.16.0","resolution":"D:\\Projects\\amazonclone\\functions\\node_modules\\firebase-functions\\lib\\index.js"} {"metadata":{"emulator":{"name":"functions"},"message":"[runtime-status] [9892] Resolved module firebase-functions {\"declared\":true,\"installed\":true,\"version\":\"3.16.0\",\"resolution\":\"D:\\\\Projects\\\\amazonclone\\\\functions\\\\node_modules\\\\firebase-functions\\\\lib\\\\index.js\"}"}}
[debug] [2022-01-24T10:17:00.984Z] [runtime-status] [9892] firebase-admin has been stubbed. {"adminResolution":{"declared":true,"installed":true,"version":"9.12.0","resolution":"D:\\Projects\\amazonclone\\functions\\node_modules\\firebase-admin\\lib\\index.js"}} {"metadata":{"emulator":{"name":"functions"},"message":"[runtime-status] [9892] firebase-admin has been stubbed. {\"adminResolution\":{\"declared\":true,\"installed\":true,\"version\":\"9.12.0\",\"resolution\":\"D:\\\\Projects\\\\amazonclone\\\\functions\\\\node_modules\\\\firebase-admin\\\\lib\\\\index.js\"}}"}}
[debug] [2022-01-24T10:17:01.540Z] [worker-~diagnostic~-9876cdd5-aabc-418a-a09a-21d971369390]: IDLE {"metadata":{"emulator":{"name":"functions"},"message":"[worker-~diagnostic~-9876cdd5-aabc-418a-a09a-21d971369390]: IDLE"}}
[debug] [2022-01-24T17:36:10.451Z] ----------------------------------------------------------------------
[debug] [2022-01-24T17:36:10.455Z] Command:       C:\Program Files\nodejs\node.exe C:\Users\mdhar\AppData\Roaming\npm\node_modules\firebase-tools\lib\bin\firebase.js emulators:start
[debug] [2022-01-24T17:36:10.457Z] CLI Version:   10.1.0
[debug] [2022-01-24T17:36:10.458Z] Platform:      win32
[debug] [2022-01-24T17:36:10.458Z] Node Version:  v16.13.0
[debug] [2022-01-24T17:36:10.465Z] Time:          Mon Jan 24 2022 23:06:10 GMT+0530 (India Standard Time)
[debug] [2022-01-24T17:36:10.466Z] ----------------------------------------------------------------------
[debug] 
[debug] [2022-01-24T17:36:10.626Z] > command requires scopes: ["email","openid","https://www.googleapis.com/auth/cloudplatformprojects.readonly","https://www.googleapis.com/auth/firebase","https://www.googleapis.com/auth/cloud-platform"]
[debug] [2022-01-24T17:36:10.627Z] > authorizing via signed-in user (mdharm4air.fm@gmail.com)
[info] i  emulators: Starting emulators: functions, hosting {"metadata":{"emulator":{"name":"hub"},"message":"Starting emulators: functions, hosting"}}
[warn] !  emulators: It seems that you are running multiple instances of the emulator suite for project justan0theramaz0nclone. This may result in unexpected behavior. 
[debug] [2022-01-24T17:36:10.703Z] [hub] writing locator at C:\Users\mdhar\AppData\Local\Temp\hub-justan0theramaz0nclone.json
[warn] !  functions: The following emulators are not running, calls to these services from the Functions emulator will affect production: auth, firestore, database, pubsub, storage {"metadata":{"emulator":{"name":"functions"},"message":"The following emulators are not running, calls to these services from the Functions emulator will affect production: \u001b[1mauth, firestore, database, pubsub, storage\u001b[22m"}}
[info] +  functions: Using node@16 from host. {"metadata":{"emulator":{"name":"functions"},"message":"Using node@16 from host."}}
[warn] !  Your requested "node" version "16" doesn't match your global version "16" {"metadata":{"emulator":{"name":"functions"},"message":"Your requested \"node\" version \"16\" doesn't match your global version \"16\""}}
[debug] [2022-01-24T17:36:10.900Z] defaultcredentials: writing to file C:\Users\mdhar\AppData\Roaming\firebase\mdharm4air_fm_gmail.com_application_default_credentials.json
[debug] [2022-01-24T17:36:10.918Z] Setting GAC to C:\Users\mdhar\AppData\Roaming\firebase\mdharm4air_fm_gmail.com_application_default_credentials.json {"metadata":{"emulator":{"name":"functions"},"message":"Setting GAC to C:\\Users\\mdhar\\AppData\\Roaming\\firebase\\mdharm4air_fm_gmail.com_application_default_credentials.json"}}
[debug] [2022-01-24T17:36:10.936Z] > refreshing access token with scopes: []
[debug] [2022-01-24T17:36:10.939Z] >>> HTTP REQUEST POST https://www.googleapis.com/oauth2/v3/token  
 <request body omitted>
[debug] [2022-01-24T17:36:11.203Z] <<< HTTP RESPONSE 200 {"pragma":"no-cache","expires":"Mon, 01 Jan 1990 00:00:00 GMT","cache-control":"no-cache, no-store, max-age=0, must-revalidate","date":"Mon, 24 Jan 2022 17:36:12 GMT","content-type":"application/json; charset=utf-8","vary":"X-Origin, Referer, Origin,Accept-Encoding","server":"scaffolding on HTTPServer2","x-xss-protection":"0","x-frame-options":"SAMEORIGIN","x-content-type-options":"nosniff","alt-svc":"h3=\":443\"; ma=2592000,h3-29=\":443\"; ma=2592000,h3-Q050=\":443\"; ma=2592000,h3-Q046=\":443\"; ma=2592000,h3-Q043=\":443\"; ma=2592000,quic=\":443\"; ma=2592000; v=\"46,43\"","accept-ranges":"none","transfer-encoding":"chunked"}
[debug] [2022-01-24T17:36:11.241Z] >>> [apiv2][query] GET https://firebase.googleapis.com/v1beta1/projects/justan0theramaz0nclone/adminSdkConfig [none]
[debug] [2022-01-24T17:36:11.725Z] <<< [apiv2][status] GET https://firebase.googleapis.com/v1beta1/projects/justan0theramaz0nclone/adminSdkConfig 200
[debug] [2022-01-24T17:36:11.725Z] <<< [apiv2][body] GET https://firebase.googleapis.com/v1beta1/projects/justan0theramaz0nclone/adminSdkConfig {"projectId":"justan0theramaz0nclone","storageBucket":"justan0theramaz0nclone.appspot.com"}
[debug] [2022-01-24T17:36:11.770Z] >>> [apiv2][query] GET https://firebasehosting.googleapis.com/v1beta1/projects/justan0theramaz0nclone/sites 
[debug] [2022-01-24T17:36:12.614Z] <<< [apiv2][status] GET https://firebasehosting.googleapis.com/v1beta1/projects/justan0theramaz0nclone/sites 200
[debug] [2022-01-24T17:36:12.615Z] <<< [apiv2][body] GET https://firebasehosting.googleapis.com/v1beta1/projects/justan0theramaz0nclone/sites {"sites":[{"name":"projects/319279830436/sites/justan0theramaz0nclone","defaultUrl":"https://justan0theramaz0nclone.web.app","appId":"1:319279830436:web:52fddf4ce701f735d61d31","type":"DEFAULT_SITE"}]}
[debug] [2022-01-24T17:36:12.616Z] >>> [apiv2][query] GET https://firebase.googleapis.com/v1beta1/projects/justan0theramaz0nclone/webApps/1:319279830436:web:52fddf4ce701f735d61d31/config [none]
[debug] [2022-01-24T17:36:13.925Z] <<< [apiv2][status] GET https://firebase.googleapis.com/v1beta1/projects/justan0theramaz0nclone/webApps/1:319279830436:web:52fddf4ce701f735d61d31/config 200
[debug] [2022-01-24T17:36:13.926Z] <<< [apiv2][body] GET https://firebase.googleapis.com/v1beta1/projects/justan0theramaz0nclone/webApps/1:319279830436:web:52fddf4ce701f735d61d31/config {"projectId":"justan0theramaz0nclone","appId":"1:319279830436:web:52fddf4ce701f735d61d31","storageBucket":"justan0theramaz0nclone.appspot.com","apiKey":"AIzaSyBbVe4hJMONuMGNJ_p0yka-bPMgwZD1Yxw","authDomain":"justan0theramaz0nclone.firebaseapp.com","messagingSenderId":"319279830436","measurementId":"G-0XFH3DD9ZY"}
[info] i  hosting: Serving hosting files from: build {"metadata":{"emulator":{"name":"hosting"},"message":"Serving hosting files from: \u001b[1mbuild\u001b[22m"}}
[info] +  hosting: Local server: http://localhost:5000 {"metadata":{"emulator":{"name":"hosting"},"message":"Local server: \u001b[4m\u001b[1mhttp://localhost:5000\u001b[22m\u001b[24m"}}
[debug] [2022-01-24T17:36:14.070Z] Ignoring unsupported arg: auto_download {"metadata":{"emulator":{"name":"ui"},"message":"Ignoring unsupported arg: auto_download"}}
[debug] [2022-01-24T17:36:14.071Z] Ignoring unsupported arg: port {"metadata":{"emulator":{"name":"ui"},"message":"Ignoring unsupported arg: port"}}
[debug] [2022-01-24T17:36:14.071Z] Starting Emulator UI with command {"binary":"node","args":["C:\\Users\\mdhar\\.cache\\firebase\\emulators\\ui-v1.6.4\\server.bundle.js"],"optionalArgs":[],"joinArgs":false} {"metadata":{"emulator":{"name":"ui"},"message":"Starting Emulator UI with command {\"binary\":\"node\",\"args\":[\"C:\\\\Users\\\\mdhar\\\\.cache\\\\firebase\\\\emulators\\\\ui-v1.6.4\\\\server.bundle.js\"],\"optionalArgs\":[],\"joinArgs\":false}"}}
[info] i  ui: Emulator UI logging to ui-debug.log {"metadata":{"emulator":{"name":"ui"},"message":"Emulator UI logging to \u001b[1mui-debug.log\u001b[22m"}}
[debug] [2022-01-24T17:36:14.350Z] Web / API server started at localhost:4000
 {"metadata":{"emulator":{"name":"ui"},"message":"Web / API server started at localhost:4000\n"}}
[info] i  functions: Watching "D:\Projects\amazonclone\functions" for Cloud Functions... {"metadata":{"emulator":{"name":"functions"},"message":"Watching \"D:\\Projects\\amazonclone\\functions\" for Cloud Functions..."}}
[debug] [2022-01-24T17:36:14.393Z] [worker-pool] addWorker(~diagnostic~) {"metadata":{"emulator":{"name":"functions"},"message":"[worker-pool] addWorker(~diagnostic~)"}}
[debug] [2022-01-24T17:36:14.394Z] [worker-pool] Adding worker with key ~diagnostic~, total=1 {"metadata":{"emulator":{"name":"functions"},"message":"[worker-pool] Adding worker with key ~diagnostic~, total=1"}}
[debug] [2022-01-24T17:36:14.394Z] [worker-pool] submitWork(triggerId=) {"metadata":{"emulator":{"name":"functions"},"message":"[worker-pool] submitWork(triggerId=)"}}
[debug] [2022-01-24T17:36:14.395Z] [worker-~diagnostic~-1ce14d32-667d-4753-b46e-20812ecc0bcf]: Assigning socketPath: \\?\pipe\D:\Projects\amazonclone\functions\7640 {"metadata":{"emulator":{"name":"functions"},"message":"[worker-~diagnostic~-1ce14d32-667d-4753-b46e-20812ecc0bcf]: Assigning socketPath: \\\\?\\pipe\\D:\\Projects\\amazonclone\\functions\\7640"}}
[debug] [2022-01-24T17:36:14.396Z] [worker-~diagnostic~-1ce14d32-667d-4753-b46e-20812ecc0bcf]: BUSY {"metadata":{"emulator":{"name":"functions"},"message":"[worker-~diagnostic~-1ce14d32-667d-4753-b46e-20812ecc0bcf]: BUSY"}}
[debug] [2022-01-24T17:36:14.796Z] [runtime-status] [7640] Functions runtime initialized. {"cwd":"D:\\Projects\\amazonclone\\functions","node_version":"16.13.0"} {"metadata":{"emulator":{"name":"functions"},"message":"[runtime-status] [7640] Functions runtime initialized. {\"cwd\":\"D:\\\\Projects\\\\amazonclone\\\\functions\",\"node_version\":\"16.13.0\"}"}}
[debug] [2022-01-24T17:36:14.798Z] [runtime-status] [7640] Disabled runtime features: undefined {"metadata":{"emulator":{"name":"functions"},"message":"[runtime-status] [7640] Disabled runtime features: undefined"}}
[debug] [2022-01-24T17:36:14.917Z] [runtime-status] [7640] Resolved module firebase-admin {"declared":true,"installed":true,"version":"9.12.0","resolution":"D:\\Projects\\amazonclone\\functions\\node_modules\\firebase-admin\\lib\\index.js"} {"metadata":{"emulator":{"name":"functions"},"message":"[runtime-status] [7640] Resolved module firebase-admin {\"declared\":true,\"installed\":true,\"version\":\"9.12.0\",\"resolution\":\"D:\\\\Projects\\\\amazonclone\\\\functions\\\\node_modules\\\\firebase-admin\\\\lib\\\\index.js\"}"}}
[debug] [2022-01-24T17:36:14.941Z] [runtime-status] [7640] Resolved module firebase-functions {"declared":true,"installed":true,"version":"3.16.0","resolution":"D:\\Projects\\amazonclone\\functions\\node_modules\\firebase-functions\\lib\\index.js"} {"metadata":{"emulator":{"name":"functions"},"message":"[runtime-status] [7640] Resolved module firebase-functions {\"declared\":true,\"installed\":true,\"version\":\"3.16.0\",\"resolution\":\"D:\\\\Projects\\\\amazonclone\\\\functions\\\\node_modules\\\\firebase-functions\\\\lib\\\\index.js\"}"}}
[debug] [2022-01-24T17:36:14.952Z] [runtime-status] [7640] Outgoing network have been stubbed. [{"name":"http","status":"mocked"},{"name":"http","status":"mocked"},{"name":"https","status":"mocked"},{"name":"https","status":"mocked"},{"name":"net","status":"mocked"}] {"metadata":{"emulator":{"name":"functions"},"message":"[runtime-status] [7640] Outgoing network have been stubbed. [{\"name\":\"http\",\"status\":\"mocked\"},{\"name\":\"http\",\"status\":\"mocked\"},{\"name\":\"https\",\"status\":\"mocked\"},{\"name\":\"https\",\"status\":\"mocked\"},{\"name\":\"net\",\"status\":\"mocked\"}]"}}
[debug] [2022-01-24T17:36:14.957Z] [runtime-status] [7640] Resolved module firebase-functions {"declared":true,"installed":true,"version":"3.16.0","resolution":"D:\\Projects\\amazonclone\\functions\\node_modules\\firebase-functions\\lib\\index.js"} {"metadata":{"emulator":{"name":"functions"},"message":"[runtime-status] [7640] Resolved module firebase-functions {\"declared\":true,\"installed\":true,\"version\":\"3.16.0\",\"resolution\":\"D:\\\\Projects\\\\amazonclone\\\\functions\\\\node_modules\\\\firebase-functions\\\\lib\\\\index.js\"}"}}
[debug] [2022-01-24T17:36:15.381Z] [runtime-status] [7640] Checked functions.config() {"config":{}} {"metadata":{"emulator":{"name":"functions"},"message":"[runtime-status] [7640] Checked functions.config() {\"config\":{}}"}}
[debug] [2022-01-24T17:36:15.381Z] [runtime-status] [7640] firebase-functions has been stubbed. {"functionsResolution":{"declared":true,"installed":true,"version":"3.16.0","resolution":"D:\\Projects\\amazonclone\\functions\\node_modules\\firebase-functions\\lib\\index.js"}} {"metadata":{"emulator":{"name":"functions"},"message":"[runtime-status] [7640] firebase-functions has been stubbed. {\"functionsResolution\":{\"declared\":true,\"installed\":true,\"version\":\"3.16.0\",\"resolution\":\"D:\\\\Projects\\\\amazonclone\\\\functions\\\\node_modules\\\\firebase-functions\\\\lib\\\\index.js\"}}"}}
[debug] [2022-01-24T17:36:15.384Z] [runtime-status] [7640] Resolved module firebase-functions {"declared":true,"installed":true,"version":"3.16.0","resolution":"D:\\Projects\\amazonclone\\functions\\node_modules\\firebase-functions\\lib\\index.js"} {"metadata":{"emulator":{"name":"functions"},"message":"[runtime-status] [7640] Resolved module firebase-functions {\"declared\":true,\"installed\":true,\"version\":\"3.16.0\",\"resolution\":\"D:\\\\Projects\\\\amazonclone\\\\functions\\\\node_modules\\\\firebase-functions\\\\lib\\\\index.js\"}"}}
[debug] [2022-01-24T17:36:15.389Z] [runtime-status] [7640] Resolved module firebase-admin {"declared":true,"installed":true,"version":"9.12.0","resolution":"D:\\Projects\\amazonclone\\functions\\node_modules\\firebase-admin\\lib\\index.js"} {"metadata":{"emulator":{"name":"functions"},"message":"[runtime-status] [7640] Resolved module firebase-admin {\"declared\":true,\"installed\":true,\"version\":\"9.12.0\",\"resolution\":\"D:\\\\Projects\\\\amazonclone\\\\functions\\\\node_modules\\\\firebase-admin\\\\lib\\\\index.js\"}"}}
[debug] [2022-01-24T17:36:15.390Z] [runtime-status] [7640] Resolved module firebase-functions {"declared":true,"installed":true,"version":"3.16.0","resolution":"D:\\Projects\\amazonclone\\functions\\node_modules\\firebase-functions\\lib\\index.js"} {"metadata":{"emulator":{"name":"functions"},"message":"[runtime-status] [7640] Resolved module firebase-functions {\"declared\":true,\"installed\":true,\"version\":\"3.16.0\",\"resolution\":\"D:\\\\Projects\\\\amazonclone\\\\functions\\\\node_modules\\\\firebase-functions\\\\lib\\\\index.js\"}"}}
[debug] [2022-01-24T17:36:15.391Z] [runtime-status] [7640] firebase-admin has been stubbed. {"adminResolution":{"declared":true,"installed":true,"version":"9.12.0","resolution":"D:\\Projects\\amazonclone\\functions\\node_modules\\firebase-admin\\lib\\index.js"}} {"metadata":{"emulator":{"name":"functions"},"message":"[runtime-status] [7640] firebase-admin has been stubbed. {\"adminResolution\":{\"declared\":true,\"installed\":true,\"version\":\"9.12.0\",\"resolution\":\"D:\\\\Projects\\\\amazonclone\\\\functions\\\\node_modules\\\\firebase-admin\\\\lib\\\\index.js\"}}"}}
[info] +  functions[us-central1-api]: http function initialized (http://localhost:5001/justan0theramaz0nclone/us-central1/api). {"metadata":{"emulator":{"name":"functions"},"message":"\u001b[1mhttp\u001b[22m function initialized (http://localhost:5001/justan0theramaz0nclone/us-central1/api)."}}
[info] 
┌─────────────────────────────────────────────────────────────┐
│ ✔  All emulators ready! It is now safe to connect your app. │
│ i  View Emulator UI at http://localhost:4000                │
└─────────────────────────────────────────────────────────────┘

┌───────────┬────────────────┬─────────────────────────────────┐
│ Emulator  │ Host:Port      │ View in Emulator UI             │
├───────────┼────────────────┼─────────────────────────────────┤
│ Functions │ localhost:5001 │ http://localhost:4000/functions │
├───────────┼────────────────┼─────────────────────────────────┤
│ Hosting   │ localhost:5000 │ n/a                             │
└───────────┴────────────────┴─────────────────────────────────┘
  Emulator Hub running at localhost:4400
  Other reserved ports: 4500

Issues? Report them at https://github.com/firebase/firebase-tools/issues and attach the *-debug.log files.
 
[debug] [2022-01-24T17:36:16.411Z] [worker-~diagnostic~-1ce14d32-667d-4753-b46e-20812ecc0bcf]: IDLE {"metadata":{"emulator":{"name":"functions"},"message":"[worker-~diagnostic~-1ce14d32-667d-4753-b46e-20812ecc0bcf]: IDLE"}}
[debug] [2022-01-24T17:36:31.732Z] [work-queue] {"queueLength":1,"workRunningCount":0}
[debug] [2022-01-24T17:36:31.734Z] [work-queue] {"queueLength":0,"workRunningCount":1}
[debug] [2022-01-24T17:36:31.735Z] Accepted request GET /justan0theramaz0nclone/us-central1/api --> us-central1-api
[debug] [2022-01-24T17:36:31.759Z] [worker-pool] addWorker(us-central1-api) {"metadata":{"emulator":{"name":"functions"},"message":"[worker-pool] addWorker(us-central1-api)"}}
[debug] [2022-01-24T17:36:31.761Z] [worker-pool] Adding worker with key us-central1-api, total=1 {"metadata":{"emulator":{"name":"functions"},"message":"[worker-pool] Adding worker with key us-central1-api, total=1"}}
[debug] [2022-01-24T17:36:31.762Z] [worker-pool] submitWork(triggerId=us-central1-api) {"metadata":{"emulator":{"name":"functions"},"message":"[worker-pool] submitWork(triggerId=us-central1-api)"}}
[debug] [2022-01-24T17:36:31.762Z] [worker-us-central1-api-a200be9c-f0be-41f0-80b1-4c4ffa11e027]: Assigning socketPath: \\?\pipe\D:\Projects\amazonclone\functions\10000 {"metadata":{"emulator":{"name":"functions"},"message":"[worker-us-central1-api-a200be9c-f0be-41f0-80b1-4c4ffa11e027]: Assigning socketPath: \\\\?\\pipe\\D:\\Projects\\amazonclone\\functions\\10000"}}
[debug] [2022-01-24T17:36:31.763Z] [worker-us-central1-api-a200be9c-f0be-41f0-80b1-4c4ffa11e027]: BUSY {"metadata":{"emulator":{"name":"functions"},"message":"[worker-us-central1-api-a200be9c-f0be-41f0-80b1-4c4ffa11e027]: BUSY"}}
[debug] [2022-01-24T17:36:32.231Z] [runtime-status] [10000] Functions runtime initialized. {"cwd":"D:\\Projects\\amazonclone\\functions","node_version":"16.13.0"} {"metadata":{"emulator":{"name":"functions"},"function":{"name":"us-central1-api"},"message":"[runtime-status] [10000] Functions runtime initialized. {\"cwd\":\"D:\\\\Projects\\\\amazonclone\\\\functions\",\"node_version\":\"16.13.0\"}"}}
[debug] [2022-01-24T17:36:32.233Z] [runtime-status] [10000] Disabled runtime features: undefined {"metadata":{"emulator":{"name":"functions"},"function":{"name":"us-central1-api"},"message":"[runtime-status] [10000] Disabled runtime features: undefined"}}
[debug] [2022-01-24T17:36:32.239Z] [runtime-status] [10000] Resolved module firebase-admin {"declared":true,"installed":true,"version":"9.12.0","resolution":"D:\\Projects\\amazonclone\\functions\\node_modules\\firebase-admin\\lib\\index.js"} {"metadata":{"emulator":{"name":"functions"},"function":{"name":"us-central1-api"},"message":"[runtime-status] [10000] Resolved module firebase-admin {\"declared\":true,\"installed\":true,\"version\":\"9.12.0\",\"resolution\":\"D:\\\\Projects\\\\amazonclone\\\\functions\\\\node_modules\\\\firebase-admin\\\\lib\\\\index.js\"}"}}
[debug] [2022-01-24T17:36:32.246Z] [runtime-status] [10000] Resolved module firebase-functions {"declared":true,"installed":true,"version":"3.16.0","resolution":"D:\\Projects\\amazonclone\\functions\\node_modules\\firebase-functions\\lib\\index.js"} {"metadata":{"emulator":{"name":"functions"},"function":{"name":"us-central1-api"},"message":"[runtime-status] [10000] Resolved module firebase-functions {\"declared\":true,\"installed\":true,\"version\":\"3.16.0\",\"resolution\":\"D:\\\\Projects\\\\amazonclone\\\\functions\\\\node_modules\\\\firebase-functions\\\\lib\\\\index.js\"}"}}
[debug] [2022-01-24T17:36:32.250Z] [runtime-status] [10000] Outgoing network have been stubbed. [{"name":"http","status":"mocked"},{"name":"http","status":"mocked"},{"name":"https","status":"mocked"},{"name":"https","status":"mocked"},{"name":"net","status":"mocked"}] {"metadata":{"emulator":{"name":"functions"},"function":{"name":"us-central1-api"},"message":"[runtime-status] [10000] Outgoing network have been stubbed. [{\"name\":\"http\",\"status\":\"mocked\"},{\"name\":\"http\",\"status\":\"mocked\"},{\"name\":\"https\",\"status\":\"mocked\"},{\"name\":\"https\",\"status\":\"mocked\"},{\"name\":\"net\",\"status\":\"mocked\"}]"}}
[debug] [2022-01-24T17:36:32.253Z] [runtime-status] [10000] Resolved module firebase-functions {"declared":true,"installed":true,"version":"3.16.0","resolution":"D:\\Projects\\amazonclone\\functions\\node_modules\\firebase-functions\\lib\\index.js"} {"metadata":{"emulator":{"name":"functions"},"function":{"name":"us-central1-api"},"message":"[runtime-status] [10000] Resolved module firebase-functions {\"declared\":true,\"installed\":true,\"version\":\"3.16.0\",\"resolution\":\"D:\\\\Projects\\\\amazonclone\\\\functions\\\\node_modules\\\\firebase-functions\\\\lib\\\\index.js\"}"}}
[debug] [2022-01-24T17:36:32.366Z] [runtime-status] [10000] Checked functions.config() {"config":{}} {"metadata":{"emulator":{"name":"functions"},"function":{"name":"us-central1-api"},"message":"[runtime-status] [10000] Checked functions.config() {\"config\":{}}"}}
[debug] [2022-01-24T17:36:32.367Z] [runtime-status] [10000] firebase-functions has been stubbed. {"functionsResolution":{"declared":true,"installed":true,"version":"3.16.0","resolution":"D:\\Projects\\amazonclone\\functions\\node_modules\\firebase-functions\\lib\\index.js"}} {"metadata":{"emulator":{"name":"functions"},"function":{"name":"us-central1-api"},"message":"[runtime-status] [10000] firebase-functions has been stubbed. {\"functionsResolution\":{\"declared\":true,\"installed\":true,\"version\":\"3.16.0\",\"resolution\":\"D:\\\\Projects\\\\amazonclone\\\\functions\\\\node_modules\\\\firebase-functions\\\\lib\\\\index.js\"}}"}}
[debug] [2022-01-24T17:36:32.369Z] [runtime-status] [10000] Resolved module firebase-functions {"declared":true,"installed":true,"version":"3.16.0","resolution":"D:\\Projects\\amazonclone\\functions\\node_modules\\firebase-functions\\lib\\index.js"} {"metadata":{"emulator":{"name":"functions"},"function":{"name":"us-central1-api"},"message":"[runtime-status] [10000] Resolved module firebase-functions {\"declared\":true,\"installed\":true,\"version\":\"3.16.0\",\"resolution\":\"D:\\\\Projects\\\\amazonclone\\\\functions\\\\node_modules\\\\firebase-functions\\\\lib\\\\index.js\"}"}}
[debug] [2022-01-24T17:36:32.371Z] [runtime-status] [10000] Resolved module firebase-admin {"declared":true,"installed":true,"version":"9.12.0","resolution":"D:\\Projects\\amazonclone\\functions\\node_modules\\firebase-admin\\lib\\index.js"} {"metadata":{"emulator":{"name":"functions"},"function":{"name":"us-central1-api"},"message":"[runtime-status] [10000] Resolved module firebase-admin {\"declared\":true,\"installed\":true,\"version\":\"9.12.0\",\"resolution\":\"D:\\\\Projects\\\\amazonclone\\\\functions\\\\node_modules\\\\firebase-admin\\\\lib\\\\index.js\"}"}}
[debug] [2022-01-24T17:36:32.374Z] [runtime-status] [10000] Resolved module firebase-functions {"declared":true,"installed":true,"version":"3.16.0","resolution":"D:\\Projects\\amazonclone\\functions\\node_modules\\firebase-functions\\lib\\index.js"} {"metadata":{"emulator":{"name":"functions"},"function":{"name":"us-central1-api"},"message":"[runtime-status] [10000] Resolved module firebase-functions {\"declared\":true,\"installed\":true,\"version\":\"3.16.0\",\"resolution\":\"D:\\\\Projects\\\\amazonclone\\\\functions\\\\node_modules\\\\firebase-functions\\\\lib\\\\index.js\"}"}}
[debug] [2022-01-24T17:36:32.375Z] [runtime-status] [10000] firebase-admin has been stubbed. {"adminResolution":{"declared":true,"installed":true,"version":"9.12.0","resolution":"D:\\Projects\\amazonclone\\functions\\node_modules\\firebase-admin\\lib\\index.js"}} {"metadata":{"emulator":{"name":"functions"},"function":{"name":"us-central1-api"},"message":"[runtime-status] [10000] firebase-admin has been stubbed. {\"adminResolution\":{\"declared\":true,\"installed\":true,\"version\":\"9.12.0\",\"resolution\":\"D:\\\\Projects\\\\amazonclone\\\\functions\\\\node_modules\\\\firebase-admin\\\\lib\\\\index.js\"}}"}}
[debug] [2022-01-24T17:36:32.691Z] [runtime-status] [10000] Trigger "us-central1-api" has been found, beginning invocation! {"metadata":{"emulator":{"name":"functions"},"function":{"name":"us-central1-api"},"message":"[runtime-status] [10000] Trigger \"us-central1-api\" has been found, beginning invocation!"}}
[info] i  functions: Beginning execution of "us-central1-api" {"metadata":{"emulator":{"name":"functions"},"function":{"name":"us-central1-api"},"message":"Beginning execution of \"us-central1-api\""}}
[debug] [2022-01-24T17:36:32.694Z] [runtime-status] [10000] triggerDefinition {"httpsTrigger":{},"name":"api","entryPoint":"api","regions":["us-central1"],"region":"us-central1","id":"us-central1-api","platform":"gcfv1"} {"metadata":{"emulator":{"name":"functions"},"function":{"name":"us-central1-api"},"message":"[runtime-status] [10000] triggerDefinition {\"httpsTrigger\":{},\"name\":\"api\",\"entryPoint\":\"api\",\"regions\":[\"us-central1\"],\"region\":\"us-central1\",\"id\":\"us-central1-api\",\"platform\":\"gcfv1\"}"}}
[debug] [2022-01-24T17:36:32.695Z] [runtime-status] [10000] Running us-central1-api in signature http {"metadata":{"emulator":{"name":"functions"},"function":{"name":"us-central1-api"},"message":"[runtime-status] [10000] Running us-central1-api in signature http"}}
[debug] [2022-01-24T17:36:32.702Z] [runtime-status] [10000] Attempting to listen to socketPath: \\?\pipe\D:\Projects\amazonclone\functions\10000 {"metadata":{"emulator":{"name":"functions"},"function":{"name":"us-central1-api"},"message":"[runtime-status] [10000] Attempting to listen to socketPath: \\\\?\\pipe\\D:\\Projects\\amazonclone\\functions\\10000"}}
[debug] [2022-01-24T17:36:32.711Z] [functions] Runtime ready! Sending request! {"metadata":{"emulator":{"name":"functions"},"message":"[functions] Runtime ready! Sending request!"}}
[debug] [2022-01-24T17:36:32.712Z] [functions] Got req.url=/justan0theramaz0nclone/us-central1/api, mapping to path=/ {"metadata":{"emulator":{"name":"functions"},"message":"[functions] Got req.url=/justan0theramaz0nclone/us-central1/api, mapping to path=/"}}
[debug] [2022-01-24T17:36:32.730Z] [runtime-status] [10000] Ephemeral server handling GET request {"metadata":{"emulator":{"name":"functions"},"function":{"name":"us-central1-api"},"message":"[runtime-status] [10000] Ephemeral server handling GET request"}}
[debug] [2022-01-24T17:36:32.745Z] [runtime-status] [10000] Ephemeral server survived. {"metadata":{"emulator":{"name":"functions"},"function":{"name":"us-central1-api"},"message":"[runtime-status] [10000] Ephemeral server survived."}}
[info] i  functions: Finished "us-central1-api" in ~1s {"metadata":{"emulator":{"name":"functions"},"function":{"name":"us-central1-api"},"message":"Finished \"us-central1-api\" in ~1s"}}
[debug] [2022-01-24T17:36:32.755Z] [worker-us-central1-api-a200be9c-f0be-41f0-80b1-4c4ffa11e027]: IDLE {"metadata":{"emulator":{"name":"functions"},"message":"[worker-us-central1-api-a200be9c-f0be-41f0-80b1-4c4ffa11e027]: IDLE"}}
[debug] [2022-01-24T17:36:32.756Z] [work-queue] {"queueLength":0,"workRunningCount":0}
[debug] [2022-01-24T17:36:32.918Z] Functions emulator received unknown request at path /favicon.ico
[debug] [2022-01-24T17:38:19.289Z] [work-queue] {"queueLength":1,"workRunningCount":0}
[debug] [2022-01-24T17:38:19.290Z] [work-queue] {"queueLength":0,"workRunningCount":1}
[debug] [2022-01-24T17:38:19.291Z] Accepted request GET /justan0theramaz0nclone/us-central1/api --> us-central1-api
[debug] [2022-01-24T17:38:19.292Z] [worker-pool] submitWork(triggerId=us-central1-api) {"metadata":{"emulator":{"name":"functions"},"message":"[worker-pool] submitWork(triggerId=us-central1-api)"}}
[debug] [2022-01-24T17:38:19.293Z] [worker-us-central1-api-a200be9c-f0be-41f0-80b1-4c4ffa11e027]: Assigning socketPath: \\?\pipe\D:\Projects\amazonclone\functions\10000 {"metadata":{"emulator":{"name":"functions"},"message":"[worker-us-central1-api-a200be9c-f0be-41f0-80b1-4c4ffa11e027]: Assigning socketPath: \\\\?\\pipe\\D:\\Projects\\amazonclone\\functions\\10000"}}
[debug] [2022-01-24T17:38:19.294Z] [worker-us-central1-api-a200be9c-f0be-41f0-80b1-4c4ffa11e027]: BUSY {"metadata":{"emulator":{"name":"functions"},"message":"[worker-us-central1-api-a200be9c-f0be-41f0-80b1-4c4ffa11e027]: BUSY"}}
[debug] [2022-01-24T17:38:19.297Z] [runtime-status] [10000] Trigger "us-central1-api" has been found, beginning invocation! {"metadata":{"emulator":{"name":"functions"},"function":{"name":"us-central1-api"},"message":"[runtime-status] [10000] Trigger \"us-central1-api\" has been found, beginning invocation!"}}
[info] i  functions: Beginning execution of "us-central1-api" {"metadata":{"emulator":{"name":"functions"},"function":{"name":"us-central1-api"},"message":"Beginning execution of \"us-central1-api\""}}
[debug] [2022-01-24T17:38:19.305Z] [runtime-status] [10000] triggerDefinition {"httpsTrigger":{},"name":"api","entryPoint":"api","regions":["us-central1"],"region":"us-central1","id":"us-central1-api","platform":"gcfv1"} {"metadata":{"emulator":{"name":"functions"},"function":{"name":"us-central1-api"},"message":"[runtime-status] [10000] triggerDefinition {\"httpsTrigger\":{},\"name\":\"api\",\"entryPoint\":\"api\",\"regions\":[\"us-central1\"],\"region\":\"us-central1\",\"id\":\"us-central1-api\",\"platform\":\"gcfv1\"}"}}
[debug] [2022-01-24T17:38:19.306Z] [runtime-status] [10000] Running us-central1-api in signature http {"metadata":{"emulator":{"name":"functions"},"function":{"name":"us-central1-api"},"message":"[runtime-status] [10000] Running us-central1-api in signature http"}}
[debug] [2022-01-24T17:38:19.308Z] [runtime-status] [10000] Attempting to listen to socketPath: \\?\pipe\D:\Projects\amazonclone\functions\10000 {"metadata":{"emulator":{"name":"functions"},"function":{"name":"us-central1-api"},"message":"[runtime-status] [10000] Attempting to listen to socketPath: \\\\?\\pipe\\D:\\Projects\\amazonclone\\functions\\10000"}}
[debug] [2022-01-24T17:38:19.314Z] [functions] Runtime ready! Sending request! {"metadata":{"emulator":{"name":"functions"},"message":"[functions] Runtime ready! Sending request!"}}
[debug] [2022-01-24T17:38:19.315Z] [functions] Got req.url=/justan0theramaz0nclone/us-central1/api, mapping to path=/ {"metadata":{"emulator":{"name":"functions"},"message":"[functions] Got req.url=/justan0theramaz0nclone/us-central1/api, mapping to path=/"}}
[debug] [2022-01-24T17:38:19.333Z] [runtime-status] [10000] Ephemeral server handling GET request {"metadata":{"emulator":{"name":"functions"},"function":{"name":"us-central1-api"},"message":"[runtime-status] [10000] Ephemeral server handling GET request"}}
[debug] [2022-01-24T17:38:19.345Z] [runtime-status] [10000] Ephemeral server survived. {"metadata":{"emulator":{"name":"functions"},"function":{"name":"us-central1-api"},"message":"[runtime-status] [10000] Ephemeral server survived."}}
[info] i  functions: Finished "us-central1-api" in ~1s {"metadata":{"emulator":{"name":"functions"},"function":{"name":"us-central1-api"},"message":"Finished \"us-central1-api\" in ~1s"}}
[debug] [2022-01-24T17:38:19.353Z] [worker-us-central1-api-a200be9c-f0be-41f0-80b1-4c4ffa11e027]: IDLE {"metadata":{"emulator":{"name":"functions"},"message":"[worker-us-central1-api-a200be9c-f0be-41f0-80b1-4c4ffa11e027]: IDLE"}}
[debug] [2022-01-24T17:38:19.355Z] [work-queue] {"queueLength":0,"workRunningCount":0}
[debug] [2022-01-24T17:41:54.908Z] File D:\Projects\amazonclone\functions\index.js changed, reloading triggers {"metadata":{"emulator":{"name":"functions"},"message":"File D:\\Projects\\amazonclone\\functions\\index.js changed, reloading triggers"}}
[debug] [2022-01-24T17:41:55.912Z] [worker-pool] Shutting down IDLE worker (~diagnostic~) {"metadata":{"emulator":{"name":"functions"},"message":"[worker-pool] Shutting down IDLE worker (~diagnostic~)"}}
[debug] [2022-01-24T17:41:55.913Z] [worker-~diagnostic~-1ce14d32-667d-4753-b46e-20812ecc0bcf]: FINISHING {"metadata":{"emulator":{"name":"functions"},"message":"[worker-~diagnostic~-1ce14d32-667d-4753-b46e-20812ecc0bcf]: FINISHING"}}
[debug] [2022-01-24T17:41:55.914Z] [worker-pool] Shutting down IDLE worker (us-central1-api) {"metadata":{"emulator":{"name":"functions"},"message":"[worker-pool] Shutting down IDLE worker (us-central1-api)"}}
[debug] [2022-01-24T17:41:55.915Z] [worker-us-central1-api-a200be9c-f0be-41f0-80b1-4c4ffa11e027]: FINISHING {"metadata":{"emulator":{"name":"functions"},"message":"[worker-us-central1-api-a200be9c-f0be-41f0-80b1-4c4ffa11e027]: FINISHING"}}
[debug] [2022-01-24T17:41:55.938Z] [worker-pool] addWorker(~diagnostic~) {"metadata":{"emulator":{"name":"functions"},"message":"[worker-pool] addWorker(~diagnostic~)"}}
[debug] [2022-01-24T17:41:55.938Z] [worker-pool] Adding worker with key ~diagnostic~, total=2 {"metadata":{"emulator":{"name":"functions"},"message":"[worker-pool] Adding worker with key ~diagnostic~, total=2"}}
[debug] [2022-01-24T17:41:55.939Z] [worker-pool] submitWork(triggerId=) {"metadata":{"emulator":{"name":"functions"},"message":"[worker-pool] submitWork(triggerId=)"}}
[debug] [2022-01-24T17:41:55.939Z] [worker-~diagnostic~-904314a6-0611-4399-8799-dcb59e73e6b8]: Assigning socketPath: \\?\pipe\D:\Projects\amazonclone\functions\6020 {"metadata":{"emulator":{"name":"functions"},"message":"[worker-~diagnostic~-904314a6-0611-4399-8799-dcb59e73e6b8]: Assigning socketPath: \\\\?\\pipe\\D:\\Projects\\amazonclone\\functions\\6020"}}
[debug] [2022-01-24T17:41:55.939Z] [worker-~diagnostic~-904314a6-0611-4399-8799-dcb59e73e6b8]: BUSY {"metadata":{"emulator":{"name":"functions"},"message":"[worker-~diagnostic~-904314a6-0611-4399-8799-dcb59e73e6b8]: BUSY"}}
[debug] [2022-01-24T17:41:55.943Z] [worker-~diagnostic~-1ce14d32-667d-4753-b46e-20812ecc0bcf]: exited {"metadata":{"emulator":{"name":"functions"},"message":"[worker-~diagnostic~-1ce14d32-667d-4753-b46e-20812ecc0bcf]: exited"}}
[debug] [2022-01-24T17:41:55.943Z] [worker-~diagnostic~-1ce14d32-667d-4753-b46e-20812ecc0bcf]: FINISHED {"metadata":{"emulator":{"name":"functions"},"message":"[worker-~diagnostic~-1ce14d32-667d-4753-b46e-20812ecc0bcf]: FINISHED"}}
[debug] [2022-01-24T17:41:55.944Z] [worker-us-central1-api-a200be9c-f0be-41f0-80b1-4c4ffa11e027]: exited {"metadata":{"emulator":{"name":"functions"},"message":"[worker-us-central1-api-a200be9c-f0be-41f0-80b1-4c4ffa11e027]: exited"}}
[debug] [2022-01-24T17:41:55.944Z] [worker-us-central1-api-a200be9c-f0be-41f0-80b1-4c4ffa11e027]: FINISHED {"metadata":{"emulator":{"name":"functions"},"message":"[worker-us-central1-api-a200be9c-f0be-41f0-80b1-4c4ffa11e027]: FINISHED"}}
[debug] [2022-01-24T17:41:56.672Z] [runtime-status] [6020] Functions runtime initialized. {"cwd":"D:\\Projects\\amazonclone\\functions","node_version":"16.13.0"} {"metadata":{"emulator":{"name":"functions"},"message":"[runtime-status] [6020] Functions runtime initialized. {\"cwd\":\"D:\\\\Projects\\\\amazonclone\\\\functions\",\"node_version\":\"16.13.0\"}"}}
[debug] [2022-01-24T17:41:56.677Z] [runtime-status] [6020] Disabled runtime features: undefined {"metadata":{"emulator":{"name":"functions"},"message":"[runtime-status] [6020] Disabled runtime features: undefined"}}
[debug] [2022-01-24T17:41:56.686Z] [runtime-status] [6020] Resolved module firebase-admin {"declared":true,"installed":true,"version":"9.12.0","resolution":"D:\\Projects\\amazonclone\\functions\\node_modules\\firebase-admin\\lib\\index.js"} {"metadata":{"emulator":{"name":"functions"},"message":"[runtime-status] [6020] Resolved module firebase-admin {\"declared\":true,\"installed\":true,\"version\":\"9.12.0\",\"resolution\":\"D:\\\\Projects\\\\amazonclone\\\\functions\\\\node_modules\\\\firebase-admin\\\\lib\\\\index.js\"}"}}
[debug] [2022-01-24T17:41:56.693Z] [runtime-status] [6020] Resolved module firebase-functions {"declared":true,"installed":true,"version":"3.16.0","resolution":"D:\\Projects\\amazonclone\\functions\\node_modules\\firebase-functions\\lib\\index.js"} {"metadata":{"emulator":{"name":"functions"},"message":"[runtime-status] [6020] Resolved module firebase-functions {\"declared\":true,\"installed\":true,\"version\":\"3.16.0\",\"resolution\":\"D:\\\\Projects\\\\amazonclone\\\\functions\\\\node_modules\\\\firebase-functions\\\\lib\\\\index.js\"}"}}
[debug] [2022-01-24T17:41:56.702Z] [runtime-status] [6020] Outgoing network have been stubbed. [{"name":"http","status":"mocked"},{"name":"http","status":"mocked"},{"name":"https","status":"mocked"},{"name":"https","status":"mocked"},{"name":"net","status":"mocked"}] {"metadata":{"emulator":{"name":"functions"},"message":"[runtime-status] [6020] Outgoing network have been stubbed. [{\"name\":\"http\",\"status\":\"mocked\"},{\"name\":\"http\",\"status\":\"mocked\"},{\"name\":\"https\",\"status\":\"mocked\"},{\"name\":\"https\",\"status\":\"mocked\"},{\"name\":\"net\",\"status\":\"mocked\"}]"}}
[debug] [2022-01-24T17:41:56.705Z] [runtime-status] [6020] Resolved module firebase-functions {"declared":true,"installed":true,"version":"3.16.0","resolution":"D:\\Projects\\amazonclone\\functions\\node_modules\\firebase-functions\\lib\\index.js"} {"metadata":{"emulator":{"name":"functions"},"message":"[runtime-status] [6020] Resolved module firebase-functions {\"declared\":true,\"installed\":true,\"version\":\"3.16.0\",\"resolution\":\"D:\\\\Projects\\\\amazonclone\\\\functions\\\\node_modules\\\\firebase-functions\\\\lib\\\\index.js\"}"}}
[debug] [2022-01-24T17:41:56.834Z] [runtime-status] [6020] Checked functions.config() {"config":{}} {"metadata":{"emulator":{"name":"functions"},"message":"[runtime-status] [6020] Checked functions.config() {\"config\":{}}"}}
[debug] [2022-01-24T17:41:56.834Z] [runtime-status] [6020] firebase-functions has been stubbed. {"functionsResolution":{"declared":true,"installed":true,"version":"3.16.0","resolution":"D:\\Projects\\amazonclone\\functions\\node_modules\\firebase-functions\\lib\\index.js"}} {"metadata":{"emulator":{"name":"functions"},"message":"[runtime-status] [6020] firebase-functions has been stubbed. {\"functionsResolution\":{\"declared\":true,\"installed\":true,\"version\":\"3.16.0\",\"resolution\":\"D:\\\\Projects\\\\amazonclone\\\\functions\\\\node_modules\\\\firebase-functions\\\\lib\\\\index.js\"}}"}}
[debug] [2022-01-24T17:41:56.837Z] [runtime-status] [6020] Resolved module firebase-functions {"declared":true,"installed":true,"version":"3.16.0","resolution":"D:\\Projects\\amazonclone\\functions\\node_modules\\firebase-functions\\lib\\index.js"} {"metadata":{"emulator":{"name":"functions"},"message":"[runtime-status] [6020] Resolved module firebase-functions {\"declared\":true,\"installed\":true,\"version\":\"3.16.0\",\"resolution\":\"D:\\\\Projects\\\\amazonclone\\\\functions\\\\node_modules\\\\firebase-functions\\\\lib\\\\index.js\"}"}}
[debug] [2022-01-24T17:41:56.841Z] [runtime-status] [6020] Resolved module firebase-admin {"declared":true,"installed":true,"version":"9.12.0","resolution":"D:\\Projects\\amazonclone\\functions\\node_modules\\firebase-admin\\lib\\index.js"} {"metadata":{"emulator":{"name":"functions"},"message":"[runtime-status] [6020] Resolved module firebase-admin {\"declared\":true,\"installed\":true,\"version\":\"9.12.0\",\"resolution\":\"D:\\\\Projects\\\\amazonclone\\\\functions\\\\node_modules\\\\firebase-admin\\\\lib\\\\index.js\"}"}}
[debug] [2022-01-24T17:41:56.842Z] [runtime-status] [6020] Resolved module firebase-functions {"declared":true,"installed":true,"version":"3.16.0","resolution":"D:\\Projects\\amazonclone\\functions\\node_modules\\firebase-functions\\lib\\index.js"} {"metadata":{"emulator":{"name":"functions"},"message":"[runtime-status] [6020] Resolved module firebase-functions {\"declared\":true,\"installed\":true,\"version\":\"3.16.0\",\"resolution\":\"D:\\\\Projects\\\\amazonclone\\\\functions\\\\node_modules\\\\firebase-functions\\\\lib\\\\index.js\"}"}}
[debug] [2022-01-24T17:41:56.843Z] [runtime-status] [6020] firebase-admin has been stubbed. {"adminResolution":{"declared":true,"installed":true,"version":"9.12.0","resolution":"D:\\Projects\\amazonclone\\functions\\node_modules\\firebase-admin\\lib\\index.js"}} {"metadata":{"emulator":{"name":"functions"},"message":"[runtime-status] [6020] firebase-admin has been stubbed. {\"adminResolution\":{\"declared\":true,\"installed\":true,\"version\":\"9.12.0\",\"resolution\":\"D:\\\\Projects\\\\amazonclone\\\\functions\\\\node_modules\\\\firebase-admin\\\\lib\\\\index.js\"}}"}}
[debug] [2022-01-24T17:41:57.192Z] [worker-~diagnostic~-904314a6-0611-4399-8799-dcb59e73e6b8]: IDLE {"metadata":{"emulator":{"name":"functions"},"message":"[worker-~diagnostic~-904314a6-0611-4399-8799-dcb59e73e6b8]: IDLE"}}
[debug] [2022-01-24T18:07:25.463Z] [work-queue] {"queueLength":1,"workRunningCount":0}
[debug] [2022-01-24T18:07:25.464Z] [work-queue] {"queueLength":0,"workRunningCount":1}
[debug] [2022-01-24T18:07:25.465Z] Accepted request POST /justan0theramaz0nclone/us-central1/api/payments/create?total=114893 --> us-central1-api
[debug] [2022-01-24T18:07:25.466Z] [worker-pool] Cleaned up workers for ~diagnostic~: 2 --> 1 {"metadata":{"emulator":{"name":"functions"},"message":"[worker-pool] Cleaned up workers for ~diagnostic~: 2 --> 1"}}
[debug] [2022-01-24T18:07:25.466Z] [worker-pool] Cleaned up workers for us-central1-api: 1 --> 0 {"metadata":{"emulator":{"name":"functions"},"message":"[worker-pool] Cleaned up workers for us-central1-api: 1 --> 0"}}
[debug] [2022-01-24T18:07:25.486Z] [worker-pool] addWorker(us-central1-api) {"metadata":{"emulator":{"name":"functions"},"message":"[worker-pool] addWorker(us-central1-api)"}}
[debug] [2022-01-24T18:07:25.487Z] [worker-pool] Adding worker with key us-central1-api, total=1 {"metadata":{"emulator":{"name":"functions"},"message":"[worker-pool] Adding worker with key us-central1-api, total=1"}}
[debug] [2022-01-24T18:07:25.488Z] [worker-pool] submitWork(triggerId=us-central1-api) {"metadata":{"emulator":{"name":"functions"},"message":"[worker-pool] submitWork(triggerId=us-central1-api)"}}
[debug] [2022-01-24T18:07:25.489Z] [worker-us-central1-api-3bceed64-9b55-4da2-9020-8183ffa3d6c8]: Assigning socketPath: \\?\pipe\D:\Projects\amazonclone\functions\7548 {"metadata":{"emulator":{"name":"functions"},"message":"[worker-us-central1-api-3bceed64-9b55-4da2-9020-8183ffa3d6c8]: Assigning socketPath: \\\\?\\pipe\\D:\\Projects\\amazonclone\\functions\\7548"}}
[debug] [2022-01-24T18:07:25.489Z] [worker-us-central1-api-3bceed64-9b55-4da2-9020-8183ffa3d6c8]: BUSY {"metadata":{"emulator":{"name":"functions"},"message":"[worker-us-central1-api-3bceed64-9b55-4da2-9020-8183ffa3d6c8]: BUSY"}}
[debug] [2022-01-24T18:07:26.284Z] [runtime-status] [7548] Functions runtime initialized. {"cwd":"D:\\Projects\\amazonclone\\functions","node_version":"16.13.0"} {"metadata":{"emulator":{"name":"functions"},"function":{"name":"us-central1-api"},"message":"[runtime-status] [7548] Functions runtime initialized. {\"cwd\":\"D:\\\\Projects\\\\amazonclone\\\\functions\",\"node_version\":\"16.13.0\"}"}}
[debug] [2022-01-24T18:07:26.293Z] [runtime-status] [7548] Disabled runtime features: undefined {"metadata":{"emulator":{"name":"functions"},"function":{"name":"us-central1-api"},"message":"[runtime-status] [7548] Disabled runtime features: undefined"}}
[debug] [2022-01-24T18:07:26.306Z] [runtime-status] [7548] Resolved module firebase-admin {"declared":true,"installed":true,"version":"9.12.0","resolution":"D:\\Projects\\amazonclone\\functions\\node_modules\\firebase-admin\\lib\\index.js"} {"metadata":{"emulator":{"name":"functions"},"function":{"name":"us-central1-api"},"message":"[runtime-status] [7548] Resolved module firebase-admin {\"declared\":true,\"installed\":true,\"version\":\"9.12.0\",\"resolution\":\"D:\\\\Projects\\\\amazonclone\\\\functions\\\\node_modules\\\\firebase-admin\\\\lib\\\\index.js\"}"}}
[debug] [2022-01-24T18:07:26.322Z] [runtime-status] [7548] Resolved module firebase-functions {"declared":true,"installed":true,"version":"3.16.0","resolution":"D:\\Projects\\amazonclone\\functions\\node_modules\\firebase-functions\\lib\\index.js"} {"metadata":{"emulator":{"name":"functions"},"function":{"name":"us-central1-api"},"message":"[runtime-status] [7548] Resolved module firebase-functions {\"declared\":true,\"installed\":true,\"version\":\"3.16.0\",\"resolution\":\"D:\\\\Projects\\\\amazonclone\\\\functions\\\\node_modules\\\\firebase-functions\\\\lib\\\\index.js\"}"}}
[debug] [2022-01-24T18:07:26.333Z] [runtime-status] [7548] Outgoing network have been stubbed. [{"name":"http","status":"mocked"},{"name":"http","status":"mocked"},{"name":"https","status":"mocked"},{"name":"https","status":"mocked"},{"name":"net","status":"mocked"}] {"metadata":{"emulator":{"name":"functions"},"function":{"name":"us-central1-api"},"message":"[runtime-status] [7548] Outgoing network have been stubbed. [{\"name\":\"http\",\"status\":\"mocked\"},{\"name\":\"http\",\"status\":\"mocked\"},{\"name\":\"https\",\"status\":\"mocked\"},{\"name\":\"https\",\"status\":\"mocked\"},{\"name\":\"net\",\"status\":\"mocked\"}]"}}
[debug] [2022-01-24T18:07:26.338Z] [runtime-status] [7548] Resolved module firebase-functions {"declared":true,"installed":true,"version":"3.16.0","resolution":"D:\\Projects\\amazonclone\\functions\\node_modules\\firebase-functions\\lib\\index.js"} {"metadata":{"emulator":{"name":"functions"},"function":{"name":"us-central1-api"},"message":"[runtime-status] [7548] Resolved module firebase-functions {\"declared\":true,\"installed\":true,\"version\":\"3.16.0\",\"resolution\":\"D:\\\\Projects\\\\amazonclone\\\\functions\\\\node_modules\\\\firebase-functions\\\\lib\\\\index.js\"}"}}
[debug] [2022-01-24T18:07:26.571Z] [runtime-status] [7548] Checked functions.config() {"config":{}} {"metadata":{"emulator":{"name":"functions"},"function":{"name":"us-central1-api"},"message":"[runtime-status] [7548] Checked functions.config() {\"config\":{}}"}}
[debug] [2022-01-24T18:07:26.572Z] [runtime-status] [7548] firebase-functions has been stubbed. {"functionsResolution":{"declared":true,"installed":true,"version":"3.16.0","resolution":"D:\\Projects\\amazonclone\\functions\\node_modules\\firebase-functions\\lib\\index.js"}} {"metadata":{"emulator":{"name":"functions"},"function":{"name":"us-central1-api"},"message":"[runtime-status] [7548] firebase-functions has been stubbed. {\"functionsResolution\":{\"declared\":true,\"installed\":true,\"version\":\"3.16.0\",\"resolution\":\"D:\\\\Projects\\\\amazonclone\\\\functions\\\\node_modules\\\\firebase-functions\\\\lib\\\\index.js\"}}"}}
[debug] [2022-01-24T18:07:26.577Z] [runtime-status] [7548] Resolved module firebase-functions {"declared":true,"installed":true,"version":"3.16.0","resolution":"D:\\Projects\\amazonclone\\functions\\node_modules\\firebase-functions\\lib\\index.js"} {"metadata":{"emulator":{"name":"functions"},"function":{"name":"us-central1-api"},"message":"[runtime-status] [7548] Resolved module firebase-functions {\"declared\":true,\"installed\":true,\"version\":\"3.16.0\",\"resolution\":\"D:\\\\Projects\\\\amazonclone\\\\functions\\\\node_modules\\\\firebase-functions\\\\lib\\\\index.js\"}"}}
[debug] [2022-01-24T18:07:26.583Z] [runtime-status] [7548] Resolved module firebase-admin {"declared":true,"installed":true,"version":"9.12.0","resolution":"D:\\Projects\\amazonclone\\functions\\node_modules\\firebase-admin\\lib\\index.js"} {"metadata":{"emulator":{"name":"functions"},"function":{"name":"us-central1-api"},"message":"[runtime-status] [7548] Resolved module firebase-admin {\"declared\":true,\"installed\":true,\"version\":\"9.12.0\",\"resolution\":\"D:\\\\Projects\\\\amazonclone\\\\functions\\\\node_modules\\\\firebase-admin\\\\lib\\\\index.js\"}"}}
[debug] [2022-01-24T18:07:26.586Z] [runtime-status] [7548] Resolved module firebase-functions {"declared":true,"installed":true,"version":"3.16.0","resolution":"D:\\Projects\\amazonclone\\functions\\node_modules\\firebase-functions\\lib\\index.js"} {"metadata":{"emulator":{"name":"functions"},"function":{"name":"us-central1-api"},"message":"[runtime-status] [7548] Resolved module firebase-functions {\"declared\":true,\"installed\":true,\"version\":\"3.16.0\",\"resolution\":\"D:\\\\Projects\\\\amazonclone\\\\functions\\\\node_modules\\\\firebase-functions\\\\lib\\\\index.js\"}"}}
[debug] [2022-01-24T18:07:26.587Z] [runtime-status] [7548] firebase-admin has been stubbed. {"adminResolution":{"declared":true,"installed":true,"version":"9.12.0","resolution":"D:\\Projects\\amazonclone\\functions\\node_modules\\firebase-admin\\lib\\index.js"}} {"metadata":{"emulator":{"name":"functions"},"function":{"name":"us-central1-api"},"message":"[runtime-status] [7548] firebase-admin has been stubbed. {\"adminResolution\":{\"declared\":true,\"installed\":true,\"version\":\"9.12.0\",\"resolution\":\"D:\\\\Projects\\\\amazonclone\\\\functions\\\\node_modules\\\\firebase-admin\\\\lib\\\\index.js\"}}"}}
[debug] [2022-01-24T18:07:27.124Z] [runtime-status] [7548] Trigger "us-central1-api" has been found, beginning invocation! {"metadata":{"emulator":{"name":"functions"},"function":{"name":"us-central1-api"},"message":"[runtime-status] [7548] Trigger \"us-central1-api\" has been found, beginning invocation!"}}
[info] i  functions: Beginning execution of "us-central1-api" {"metadata":{"emulator":{"name":"functions"},"function":{"name":"us-central1-api"},"message":"Beginning execution of \"us-central1-api\""}}
[debug] [2022-01-24T18:07:27.128Z] [runtime-status] [7548] triggerDefinition {"httpsTrigger":{},"name":"api","entryPoint":"api","regions":["us-central1"],"region":"us-central1","id":"us-central1-api","platform":"gcfv1"} {"metadata":{"emulator":{"name":"functions"},"function":{"name":"us-central1-api"},"message":"[runtime-status] [7548] triggerDefinition {\"httpsTrigger\":{},\"name\":\"api\",\"entryPoint\":\"api\",\"regions\":[\"us-central1\"],\"region\":\"us-central1\",\"id\":\"us-central1-api\",\"platform\":\"gcfv1\"}"}}
[debug] [2022-01-24T18:07:27.128Z] [runtime-status] [7548] Running us-central1-api in signature http {"metadata":{"emulator":{"name":"functions"},"function":{"name":"us-central1-api"},"message":"[runtime-status] [7548] Running us-central1-api in signature http"}}
[debug] [2022-01-24T18:07:27.135Z] [runtime-status] [7548] Attempting to listen to socketPath: \\?\pipe\D:\Projects\amazonclone\functions\7548 {"metadata":{"emulator":{"name":"functions"},"function":{"name":"us-central1-api"},"message":"[runtime-status] [7548] Attempting to listen to socketPath: \\\\?\\pipe\\D:\\Projects\\amazonclone\\functions\\7548"}}
[debug] [2022-01-24T18:07:27.142Z] [functions] Runtime ready! Sending request! {"metadata":{"emulator":{"name":"functions"},"message":"[functions] Runtime ready! Sending request!"}}
[debug] [2022-01-24T18:07:27.143Z] [functions] Got req.url=/justan0theramaz0nclone/us-central1/api/payments/create?total=114893, mapping to path=/payments/create?total=114893 {"metadata":{"emulator":{"name":"functions"},"message":"[functions] Got req.url=/justan0theramaz0nclone/us-central1/api/payments/create?total=114893, mapping to path=/payments/create?total=114893"}}
[debug] [2022-01-24T18:07:27.157Z] [runtime-status] [7548] Ephemeral server handling POST request {"metadata":{"emulator":{"name":"functions"},"function":{"name":"us-central1-api"},"message":"[runtime-status] [7548] Ephemeral server handling POST request"}}
[info] >  Payment Request Recieved BOOM!!! for this amount >>>  114893 {"user":"Payment Request Recieved BOOM!!! for this amount >>>  114893","metadata":{"emulator":{"name":"functions"},"function":{"name":"us-central1-api"},"message":"\u001b[90m> \u001b[39m Payment Request Recieved BOOM!!! for this amount >>>  114893"}}
[debug] [2022-01-24T18:07:27.187Z] [runtime-status] [7548] Ephemeral server survived. {"metadata":{"emulator":{"name":"functions"},"function":{"name":"us-central1-api"},"message":"[runtime-status] [7548] Ephemeral server survived."}}
[info] i  functions: Finished "us-central1-api" in ~1s {"metadata":{"emulator":{"name":"functions"},"function":{"name":"us-central1-api"},"message":"Finished \"us-central1-api\" in ~1s"}}
[debug] [2022-01-24T18:07:28.216Z] [worker-us-central1-api-3bceed64-9b55-4da2-9020-8183ffa3d6c8]: IDLE {"metadata":{"emulator":{"name":"functions"},"message":"[worker-us-central1-api-3bceed64-9b55-4da2-9020-8183ffa3d6c8]: IDLE"}}
[debug] [2022-01-24T18:07:28.218Z] [work-queue] {"queueLength":0,"workRunningCount":0}
[debug] [2022-01-24T18:25:05.389Z] [work-queue] {"queueLength":1,"workRunningCount":0}
[debug] [2022-01-24T18:25:05.390Z] [work-queue] {"queueLength":0,"workRunningCount":1}
[debug] [2022-01-24T18:25:05.391Z] Accepted request POST /justan0theramaz0nclone/us-central1/api/payments/create?total=114893 --> us-central1-api
[debug] [2022-01-24T18:25:05.393Z] [worker-pool] submitWork(triggerId=us-central1-api) {"metadata":{"emulator":{"name":"functions"},"message":"[worker-pool] submitWork(triggerId=us-central1-api)"}}
[debug] [2022-01-24T18:25:05.394Z] [worker-us-central1-api-3bceed64-9b55-4da2-9020-8183ffa3d6c8]: Assigning socketPath: \\?\pipe\D:\Projects\amazonclone\functions\7548 {"metadata":{"emulator":{"name":"functions"},"message":"[worker-us-central1-api-3bceed64-9b55-4da2-9020-8183ffa3d6c8]: Assigning socketPath: \\\\?\\pipe\\D:\\Projects\\amazonclone\\functions\\7548"}}
[debug] [2022-01-24T18:25:05.394Z] [worker-us-central1-api-3bceed64-9b55-4da2-9020-8183ffa3d6c8]: BUSY {"metadata":{"emulator":{"name":"functions"},"message":"[worker-us-central1-api-3bceed64-9b55-4da2-9020-8183ffa3d6c8]: BUSY"}}
[debug] [2022-01-24T18:25:05.396Z] [runtime-status] [7548] Trigger "us-central1-api" has been found, beginning invocation! {"metadata":{"emulator":{"name":"functions"},"function":{"name":"us-central1-api"},"message":"[runtime-status] [7548] Trigger \"us-central1-api\" has been found, beginning invocation!"}}
[info] i  functions: Beginning execution of "us-central1-api" {"metadata":{"emulator":{"name":"functions"},"function":{"name":"us-central1-api"},"message":"Beginning execution of \"us-central1-api\""}}
[debug] [2022-01-24T18:25:05.409Z] [runtime-status] [7548] triggerDefinition {"httpsTrigger":{},"name":"api","entryPoint":"api","regions":["us-central1"],"region":"us-central1","id":"us-central1-api","platform":"gcfv1"} {"metadata":{"emulator":{"name":"functions"},"function":{"name":"us-central1-api"},"message":"[runtime-status] [7548] triggerDefinition {\"httpsTrigger\":{},\"name\":\"api\",\"entryPoint\":\"api\",\"regions\":[\"us-central1\"],\"region\":\"us-central1\",\"id\":\"us-central1-api\",\"platform\":\"gcfv1\"}"}}
[debug] [2022-01-24T18:25:05.410Z] [runtime-status] [7548] Running us-central1-api in signature http {"metadata":{"emulator":{"name":"functions"},"function":{"name":"us-central1-api"},"message":"[runtime-status] [7548] Running us-central1-api in signature http"}}
[debug] [2022-01-24T18:25:05.411Z] [runtime-status] [7548] Attempting to listen to socketPath: \\?\pipe\D:\Projects\amazonclone\functions\7548 {"metadata":{"emulator":{"name":"functions"},"function":{"name":"us-central1-api"},"message":"[runtime-status] [7548] Attempting to listen to socketPath: \\\\?\\pipe\\D:\\Projects\\amazonclone\\functions\\7548"}}
[debug] [2022-01-24T18:25:05.416Z] [functions] Runtime ready! Sending request! {"metadata":{"emulator":{"name":"functions"},"message":"[functions] Runtime ready! Sending request!"}}
[debug] [2022-01-24T18:25:05.416Z] [functions] Got req.url=/justan0theramaz0nclone/us-central1/api/payments/create?total=114893, mapping to path=/payments/create?total=114893 {"metadata":{"emulator":{"name":"functions"},"message":"[functions] Got req.url=/justan0theramaz0nclone/us-central1/api/payments/create?total=114893, mapping to path=/payments/create?total=114893"}}
[debug] [2022-01-24T18:25:05.425Z] [runtime-status] [7548] Ephemeral server handling POST request {"metadata":{"emulator":{"name":"functions"},"function":{"name":"us-central1-api"},"message":"[runtime-status] [7548] Ephemeral server handling POST request"}}
[info] >  Payment Request Recieved BOOM!!! for this amount >>>  114893 {"user":"Payment Request Recieved BOOM!!! for this amount >>>  114893","metadata":{"emulator":{"name":"functions"},"function":{"name":"us-central1-api"},"message":"\u001b[90m> \u001b[39m Payment Request Recieved BOOM!!! for this amount >>>  114893"}}
[debug] [2022-01-24T18:25:05.435Z] [runtime-status] [7548] Ephemeral server survived. {"metadata":{"emulator":{"name":"functions"},"function":{"name":"us-central1-api"},"message":"[runtime-status] [7548] Ephemeral server survived."}}
[info] i  functions: Finished "us-central1-api" in ~1s {"metadata":{"emulator":{"name":"functions"},"function":{"name":"us-central1-api"},"message":"Finished \"us-central1-api\" in ~1s"}}
[debug] [2022-01-24T18:25:06.083Z] [worker-us-central1-api-3bceed64-9b55-4da2-9020-8183ffa3d6c8]: IDLE {"metadata":{"emulator":{"name":"functions"},"message":"[worker-us-central1-api-3bceed64-9b55-4da2-9020-8183ffa3d6c8]: IDLE"}}
[debug] [2022-01-24T18:25:06.084Z] [work-queue] {"queueLength":0,"workRunningCount":0}
[debug] [2022-01-24T19:19:27.249Z] [work-queue] {"queueLength":1,"workRunningCount":0}
[debug] [2022-01-24T19:19:27.251Z] [work-queue] {"queueLength":0,"workRunningCount":1}
[debug] [2022-01-24T19:19:27.252Z] Accepted request POST /justan0theramaz0nclone/us-central1/api/payments/create?total=114893 --> us-central1-api
[debug] [2022-01-24T19:19:27.254Z] [worker-pool] submitWork(triggerId=us-central1-api) {"metadata":{"emulator":{"name":"functions"},"message":"[worker-pool] submitWork(triggerId=us-central1-api)"}}
[debug] [2022-01-24T19:19:27.254Z] [worker-us-central1-api-3bceed64-9b55-4da2-9020-8183ffa3d6c8]: Assigning socketPath: \\?\pipe\D:\Projects\amazonclone\functions\7548 {"metadata":{"emulator":{"name":"functions"},"message":"[worker-us-central1-api-3bceed64-9b55-4da2-9020-8183ffa3d6c8]: Assigning socketPath: \\\\?\\pipe\\D:\\Projects\\amazonclone\\functions\\7548"}}
[debug] [2022-01-24T19:19:27.256Z] [worker-us-central1-api-3bceed64-9b55-4da2-9020-8183ffa3d6c8]: BUSY {"metadata":{"emulator":{"name":"functions"},"message":"[worker-us-central1-api-3bceed64-9b55-4da2-9020-8183ffa3d6c8]: BUSY"}}
[debug] [2022-01-24T19:19:27.260Z] [runtime-status] [7548] Trigger "us-central1-api" has been found, beginning invocation! {"metadata":{"emulator":{"name":"functions"},"function":{"name":"us-central1-api"},"message":"[runtime-status] [7548] Trigger \"us-central1-api\" has been found, beginning invocation!"}}
[info] i  functions: Beginning execution of "us-central1-api" {"metadata":{"emulator":{"name":"functions"},"function":{"name":"us-central1-api"},"message":"Beginning execution of \"us-central1-api\""}}
[debug] [2022-01-24T19:19:27.266Z] [runtime-status] [7548] triggerDefinition {"httpsTrigger":{},"name":"api","entryPoint":"api","regions":["us-central1"],"region":"us-central1","id":"us-central1-api","platform":"gcfv1"} {"metadata":{"emulator":{"name":"functions"},"function":{"name":"us-central1-api"},"message":"[runtime-status] [7548] triggerDefinition {\"httpsTrigger\":{},\"name\":\"api\",\"entryPoint\":\"api\",\"regions\":[\"us-central1\"],\"region\":\"us-central1\",\"id\":\"us-central1-api\",\"platform\":\"gcfv1\"}"}}
[debug] [2022-01-24T19:19:27.267Z] [runtime-status] [7548] Running us-central1-api in signature http {"metadata":{"emulator":{"name":"functions"},"function":{"name":"us-central1-api"},"message":"[runtime-status] [7548] Running us-central1-api in signature http"}}
[debug] [2022-01-24T19:19:27.269Z] [runtime-status] [7548] Attempting to listen to socketPath: \\?\pipe\D:\Projects\amazonclone\functions\7548 {"metadata":{"emulator":{"name":"functions"},"function":{"name":"us-central1-api"},"message":"[runtime-status] [7548] Attempting to listen to socketPath: \\\\?\\pipe\\D:\\Projects\\amazonclone\\functions\\7548"}}
[debug] [2022-01-24T19:19:27.276Z] [functions] Runtime ready! Sending request! {"metadata":{"emulator":{"name":"functions"},"message":"[functions] Runtime ready! Sending request!"}}
[debug] [2022-01-24T19:19:27.276Z] [functions] Got req.url=/justan0theramaz0nclone/us-central1/api/payments/create?total=114893, mapping to path=/payments/create?total=114893 {"metadata":{"emulator":{"name":"functions"},"message":"[functions] Got req.url=/justan0theramaz0nclone/us-central1/api/payments/create?total=114893, mapping to path=/payments/create?total=114893"}}
[debug] [2022-01-24T19:19:27.289Z] [runtime-status] [7548] Ephemeral server handling POST request {"metadata":{"emulator":{"name":"functions"},"function":{"name":"us-central1-api"},"message":"[runtime-status] [7548] Ephemeral server handling POST request"}}
[info] >  Payment Request Recieved BOOM!!! for this amount >>>  114893 {"user":"Payment Request Recieved BOOM!!! for this amount >>>  114893","metadata":{"emulator":{"name":"functions"},"function":{"name":"us-central1-api"},"message":"\u001b[90m> \u001b[39m Payment Request Recieved BOOM!!! for this amount >>>  114893"}}
[debug] [2022-01-24T19:19:27.294Z] [runtime-status] [7548] Ephemeral server survived. {"metadata":{"emulator":{"name":"functions"},"function":{"name":"us-central1-api"},"message":"[runtime-status] [7548] Ephemeral server survived."}}
[info] i  functions: Finished "us-central1-api" in ~1s {"metadata":{"emulator":{"name":"functions"},"function":{"name":"us-central1-api"},"message":"Finished \"us-central1-api\" in ~1s"}}
[debug] [2022-01-24T19:19:27.983Z] [worker-us-central1-api-3bceed64-9b55-4da2-9020-8183ffa3d6c8]: IDLE {"metadata":{"emulator":{"name":"functions"},"message":"[worker-us-central1-api-3bceed64-9b55-4da2-9020-8183ffa3d6c8]: IDLE"}}
[debug] [2022-01-24T19:19:27.985Z] [work-queue] {"queueLength":0,"workRunningCount":0}
[debug] [2022-01-24T20:01:06.008Z] Received signal SIGHUP 1
